Using pre-set license
Built from '2020.3/staging' branch; Version is '2020.3.6f1 (338bb68529b2) revision 3378102'; Using compiler version '192528614'; Build Type 'Release'
OS: 'Windows 10 Home; OS build 19044.1706; Version 2009; 64bit' Language: 'es' Physical Memory: 16334 MB
BatchMode: 1, IsHumanControllingUs: 0, StartBugReporterOnCrash: 0, Is64bit: 1, IsPro: 0

 COMMAND LINE ARGUMENTS:
C:\Program Files\Unity\Hub\Editor\2020.3.6f1\Editor\Unity.exe
-adb2
-batchMode
-noUpm
-name
AssetImportWorker0
-projectPath
D:/Programaci贸n/Proyecto_Grupo_3/My project (1)
-logFile
Logs/AssetImportWorker0.log
-srvPort
50719
Successfully changed project path to: D:/Programaci贸n/Proyecto_Grupo_3/My project (1)
D:/Programaci贸n/Proyecto_Grupo_3/My project (1)
Using Asset Import Pipeline V2.
Refreshing native plugins compatible for Editor in 47.01 ms, found 0 plugins.
Preloading 0 native plugins for Editor in 0.00 ms.
Initialize engine version: 2020.3.6f1 (338bb68529b2)
[Subsystems] Discovering subsystems at path C:/Program Files/Unity/Hub/Editor/2020.3.6f1/Editor/Data/Resources/UnitySubsystems
[Subsystems] Discovering subsystems at path D:/Programaci贸n/Proyecto_Grupo_3/My project (1)/Assets
GfxDevice: creating device client; threaded=0
Direct3D:
    Version:  Direct3D 11.0 [level 11.1]
    Renderer: NVIDIA GeForce GTX 1050 (ID=0x1c83)
    Vendor:   
    VRAM:     2996 MB
    Driver:   27.21.14.5671
Shader 'Universal Render Pipeline/Particles/Lit': fallback shader 'Universal Render Pipeline/Particles/SimpleLit' not found
Initialize mono
Mono path[0] = 'C:/Program Files/Unity/Hub/Editor/2020.3.6f1/Editor/Data/Managed'
Mono path[1] = 'C:/Program Files/Unity/Hub/Editor/2020.3.6f1/Editor/Data/MonoBleedingEdge/lib/mono/unityjit'
Mono config path = 'C:/Program Files/Unity/Hub/Editor/2020.3.6f1/Editor/Data/MonoBleedingEdge/etc'
Using monoOptions --debugger-agent=transport=dt_socket,embedding=1,server=y,suspend=n,address=127.0.0.1:56764
Begin MonoManager ReloadAssembly
Registering precompiled unity dll's ...
Register platform support module: C:/Program Files/Unity/Hub/Editor/2020.3.6f1/Editor/Data/PlaybackEngines/WindowsStandaloneSupport/UnityEditor.WindowsStandalone.Extensions.dll
Registered in 0.001641 seconds.
Native extension for WindowsStandalone target not found
Refreshing native plugins compatible for Editor in 49.03 ms, found 0 plugins.
Preloading 0 native plugins for Editor in 0.00 ms.
Mono: successfully reloaded assembly
- Completed reload, in  0.886 seconds
Platform modules already initialized, skipping
Registering precompiled user dll's ...
Registered in 0.000785 seconds.
Begin MonoManager ReloadAssembly
Native extension for WindowsStandalone target not found
Refreshing native plugins compatible for Editor in 49.94 ms, found 0 plugins.
Preloading 0 native plugins for Editor in 0.00 ms.
Mono: successfully reloaded assembly
- Completed reload, in  0.840 seconds
Platform modules already initialized, skipping
========================================================================
Worker process is ready to serve import requests
Shader 'Universal Render Pipeline/Particles/Lit': fallback shader 'Universal Render Pipeline/Particles/SimpleLit' not found
Launched and connected shader compiler UnityShaderCompiler.exe after 0.04 seconds
Refreshing native plugins compatible for Editor in 0.69 ms, found 0 plugins.
Preloading 0 native plugins for Editor in 0.00 ms.
Unloading 3163 Unused Serialized files (Serialized files now loaded: 0)
System memory in use before: 148.5 MB.
System memory in use after: 148.7 MB.

Unloading 11 unused Assets to reduce memory usage. Loaded Objects now: 3613.
Total: 2.143500 ms (FindLiveObjects: 0.392700 ms CreateObjectMapping: 0.068800 ms MarkObjects: 1.605800 ms  DeleteObjects: 0.075400 ms)

========================================================================
Received Import Request.
  path: Assets/CinematicaEnemigo.playable
  artifactKey: Guid(485f8c1d1a42fd4448b739305831d589) Importer(815301076,1909f56bfc062723c751e8b465ee728b)
Start importing Assets/CinematicaEnemigo.playable using Guid(485f8c1d1a42fd4448b739305831d589) Importer(815301076,1909f56bfc062723c751e8b465ee728b)  -> (artifact id: 'a927424ce3875d07be627f58ced7a3bc') in 0.036924 seconds
  Import took 0.041394 seconds .

========================================================================
Received Import Request.
  Time since last request: 659.464412 seconds.
  path: Assets/Grass/Grass_Green.mat
  artifactKey: Guid(215dbb9118f0bc047afcfa955e3dbf8f) Importer(815301076,1909f56bfc062723c751e8b465ee728b)
Start importing Assets/Grass/Grass_Green.mat using Guid(215dbb9118f0bc047afcfa955e3dbf8f) Importer(815301076,1909f56bfc062723c751e8b465ee728b)  -> (artifact id: 'c4c40dfb8bc30926f38b692a5e18fd38') in 0.179058 seconds
  Import took 0.184405 seconds .

========================================================================
Received Import Request.
  Time since last request: 61.886635 seconds.
  path: Assets/Scriptss/aditional.hlsl
  artifactKey: Guid(84d7b7bed3eb54c4a90d385b7d9655bd) Importer(815301076,1909f56bfc062723c751e8b465ee728b)
Start importing Assets/Scriptss/aditional.hlsl using Guid(84d7b7bed3eb54c4a90d385b7d9655bd) Importer(815301076,1909f56bfc062723c751e8b465ee728b)  -> (artifact id: '0773dc5bd727c3ef1a23f357eca57277') in 0.006544 seconds
  Import took 0.011559 seconds .

========================================================================
Received Import Request.
  Time since last request: 0.992285 seconds.
  path: Assets/Scriptss/cell.hlsl
  artifactKey: Guid(bf4101cbb12a28d469bebf320de41c62) Importer(815301076,1909f56bfc062723c751e8b465ee728b)
Start importing Assets/Scriptss/cell.hlsl using Guid(bf4101cbb12a28d469bebf320de41c62) Importer(815301076,1909f56bfc062723c751e8b465ee728b)  -> (artifact id: 'a6c1f1be0dc2700468db463303b94ae1') in 0.004466 seconds
  Import took 0.009193 seconds .

========================================================================
Received Import Request.
  Time since last request: 0.000694 seconds.
  path: Assets/Scriptss/cell.hlsl
  artifactKey: Guid(bf4101cbb12a28d469bebf320de41c62) Importer(815301076,1909f56bfc062723c751e8b465ee728b)
Start importing Assets/Scriptss/cell.hlsl using Guid(bf4101cbb12a28d469bebf320de41c62) Importer(815301076,1909f56bfc062723c751e8b465ee728b)  -> (artifact id: 'a6c1f1be0dc2700468db463303b94ae1') in 0.001844 seconds
  Import took 0.006967 seconds .

========================================================================
Received Import Request.
  Time since last request: 10.027466 seconds.
  path: Assets/Scriptss/Player.cs
  artifactKey: Guid(7b55e544911b7304183831fe70bd7e67) Importer(815301076,1909f56bfc062723c751e8b465ee728b)
Start importing Assets/Scriptss/Player.cs using Guid(7b55e544911b7304183831fe70bd7e67) Importer(815301076,1909f56bfc062723c751e8b465ee728b)  -> (artifact id: '8861763197b4962aae67f63cb2cf2379') in 0.027216 seconds
  Import took 0.032058 seconds .

========================================================================
Received Import Request.
  Time since last request: 2.971264 seconds.
  path: Assets/Scriptss/Sword.cs
  artifactKey: Guid(a7f886d75731d3341a510d6e6de5bfb7) Importer(815301076,1909f56bfc062723c751e8b465ee728b)
Start importing Assets/Scriptss/Sword.cs using Guid(a7f886d75731d3341a510d6e6de5bfb7) Importer(815301076,1909f56bfc062723c751e8b465ee728b)  -> (artifact id: 'dfe815f7c58d23d8abed4201000e33c0') in 0.004387 seconds
  Import took 0.009687 seconds .

========================================================================
Received Import Request.
  Time since last request: 5.988866 seconds.
  path: Assets/Scriptss/Spear.cs
  artifactKey: Guid(1c7c73cf9e5de5647a7e1cda9bfcb051) Importer(815301076,1909f56bfc062723c751e8b465ee728b)
Start importing Assets/Scriptss/Spear.cs using Guid(1c7c73cf9e5de5647a7e1cda9bfcb051) Importer(815301076,1909f56bfc062723c751e8b465ee728b)  -> (artifact id: 'd6d81b5ae39e97e78d2f6d1260689853') in 0.004607 seconds
  Import took 0.009514 seconds .

AssetImportWorkerClient::OnTransportError - code=2 error=End of file
