Using pre-set license
Built from '2020.3/staging' branch; Version is '2020.3.6f1 (338bb68529b2) revision 3378102'; Using compiler version '192528614'; Build Type 'Release'
OS: 'Windows 10 Pro; OS build 19042.928; Version 2009; 64bit' Language: 'es' Physical Memory: 16306 MB
BatchMode: 1, IsHumanControllingUs: 0, StartBugReporterOnCrash: 0, Is64bit: 1, IsPro: 0

 COMMAND LINE ARGUMENTS:
C:\Program Files\Unity\Hub\Editor\2020.3.6f1\Editor\Unity.exe
-adb2
-batchMode
-noUpm
-name
AssetImportWorker1
-projectPath
J:/Programación/MiProyectoFinal/Proyecto_Grupo_3/sexto_intento/Proyecto_Grupo_3/My project (1)
-logFile
Logs/AssetImportWorker1.log
-srvPort
62448
Successfully changed project path to: J:/Programación/MiProyectoFinal/Proyecto_Grupo_3/sexto_intento/Proyecto_Grupo_3/My project (1)
J:/Programación/MiProyectoFinal/Proyecto_Grupo_3/sexto_intento/Proyecto_Grupo_3/My project (1)
Using Asset Import Pipeline V2.
Refreshing native plugins compatible for Editor in 76.60 ms, found 0 plugins.
Preloading 0 native plugins for Editor in 0.00 ms.
Initialize engine version: 2020.3.6f1 (338bb68529b2)
[Subsystems] Discovering subsystems at path C:/Program Files/Unity/Hub/Editor/2020.3.6f1/Editor/Data/Resources/UnitySubsystems
[Subsystems] Discovering subsystems at path J:/Programación/MiProyectoFinal/Proyecto_Grupo_3/sexto_intento/Proyecto_Grupo_3/My project (1)/Assets
GfxDevice: creating device client; threaded=0
Direct3D:
    Version:  Direct3D 11.0 [level 11.0]
    Renderer: NVIDIA Quadro K620 (ID=0x13bb)
    Vendor:   
    VRAM:     2007 MB
    Driver:   30.0.14.7168
Shader 'Universal Render Pipeline/Particles/Lit': fallback shader 'Universal Render Pipeline/Particles/SimpleLit' not found
Initialize mono
Mono path[0] = 'C:/Program Files/Unity/Hub/Editor/2020.3.6f1/Editor/Data/Managed'
Mono path[1] = 'C:/Program Files/Unity/Hub/Editor/2020.3.6f1/Editor/Data/MonoBleedingEdge/lib/mono/unityjit'
Mono config path = 'C:/Program Files/Unity/Hub/Editor/2020.3.6f1/Editor/Data/MonoBleedingEdge/etc'
Using monoOptions --debugger-agent=transport=dt_socket,embedding=1,server=y,suspend=n,address=127.0.0.1:56100
Begin MonoManager ReloadAssembly
Registering precompiled unity dll's ...
Register platform support module: C:/Program Files/Unity/Hub/Editor/2020.3.6f1/Editor/Data/PlaybackEngines/WindowsStandaloneSupport/UnityEditor.WindowsStandalone.Extensions.dll
Registered in 0.003347 seconds.
Native extension for WindowsStandalone target not found
Refreshing native plugins compatible for Editor in 68.39 ms, found 0 plugins.
Preloading 0 native plugins for Editor in 0.00 ms.
Mono: successfully reloaded assembly
- Completed reload, in  3.059 seconds
Platform modules already initialized, skipping
Registering precompiled user dll's ...
Registered in 0.002825 seconds.
Begin MonoManager ReloadAssembly
Native extension for WindowsStandalone target not found
Refreshing native plugins compatible for Editor in 70.24 ms, found 0 plugins.
Preloading 0 native plugins for Editor in 0.00 ms.
Mono: successfully reloaded assembly
- Completed reload, in  1.863 seconds
Platform modules already initialized, skipping
========================================================================
Worker process is ready to serve import requests
Shader 'Universal Render Pipeline/Particles/Lit': fallback shader 'Universal Render Pipeline/Particles/SimpleLit' not found
Launched and connected shader compiler UnityShaderCompiler.exe after 0.05 seconds
Refreshing native plugins compatible for Editor in 0.92 ms, found 0 plugins.
Preloading 0 native plugins for Editor in 0.00 ms.
Unloading 3187 Unused Serialized files (Serialized files now loaded: 0)
System memory in use before: 150.0 MB.
System memory in use after: 150.2 MB.

Unloading 11 unused Assets to reduce memory usage. Loaded Objects now: 3634.
Total: 2.937300 ms (FindLiveObjects: 0.491700 ms CreateObjectMapping: 0.203600 ms MarkObjects: 2.149800 ms  DeleteObjects: 0.090900 ms)

========================================================================
Received Import Request.
  path: Assets/CM vcam1.prefab
  artifactKey: Guid(bb541d7462b41d44e9e1e58dbe93e77d) Importer(815301076,1909f56bfc062723c751e8b465ee728b)
Start importing Assets/CM vcam1.prefab using Guid(bb541d7462b41d44e9e1e58dbe93e77d) Importer(815301076,1909f56bfc062723c751e8b465ee728b)  -> (artifact id: 'd979b387916c3d773b96399b276f6139') in 0.073087 seconds
  Import took 0.080286 seconds .

========================================================================
Received Import Request.
  Time since last request: 0.000189 seconds.
  path: Assets/Lukas/personages
  artifactKey: Guid(e5bea91158d26f04f8ab64f033a7c890) Importer(815301076,1909f56bfc062723c751e8b465ee728b)
Start importing Assets/Lukas/personages using Guid(e5bea91158d26f04f8ab64f033a7c890) Importer(815301076,1909f56bfc062723c751e8b465ee728b)  -> (artifact id: '955d5ef2aadaae313195ec7dbc18c4ab') in 0.006678 seconds
  Import took 0.012166 seconds .

========================================================================
Received Import Request.
  Time since last request: 0.000243 seconds.
  path: Assets/Lukas/personages/gnomos/Old Man Idle (1).fbx
  artifactKey: Guid(7b5a534f6f1b9ba4a905ee290901e282) Importer(815301076,1909f56bfc062723c751e8b465ee728b)
Start importing Assets/Lukas/personages/gnomos/Old Man Idle (1).fbx using Guid(7b5a534f6f1b9ba4a905ee290901e282) Importer(815301076,1909f56bfc062723c751e8b465ee728b)  -> (artifact id: 'e103906ed4d4159a9b3dcce98b20b354') in 1.126403 seconds
  Import took 1.133170 seconds .

========================================================================
Received Import Request.
  Time since last request: 0.000216 seconds.
  path: Assets/Cell.mat
  artifactKey: Guid(28c81a44944e87a41a3b53c4b1bb6635) Importer(815301076,1909f56bfc062723c751e8b465ee728b)
Start importing Assets/Cell.mat using Guid(28c81a44944e87a41a3b53c4b1bb6635) Importer(815301076,1909f56bfc062723c751e8b465ee728b)  -> (artifact id: '336d88fad8cee031df2ac20278422533') in 0.019393 seconds
  Import took 0.024623 seconds .

========================================================================
Received Import Request.
  Time since last request: 0.000195 seconds.
  path: Assets/Capsule.prefab
  artifactKey: Guid(dc5e287c4d56b264baf9a1badb910a48) Importer(815301076,1909f56bfc062723c751e8b465ee728b)
Start importing Assets/Capsule.prefab using Guid(dc5e287c4d56b264baf9a1badb910a48) Importer(815301076,1909f56bfc062723c751e8b465ee728b)  -> (artifact id: '338e6d7df3b9fa81bc6318cb4bbaeb86') in 0.026849 seconds
  Import took 0.032657 seconds .

========================================================================
Received Import Request.
  Time since last request: 0.000214 seconds.
  path: Assets/Post processing Exterior.prefab
  artifactKey: Guid(dd1418de90443e9489cdf1346607b617) Importer(815301076,1909f56bfc062723c751e8b465ee728b)
Start importing Assets/Post processing Exterior.prefab using Guid(dd1418de90443e9489cdf1346607b617) Importer(815301076,1909f56bfc062723c751e8b465ee728b)  -> (artifact id: 'eed93809907875ec0bb5b6a5231977a4') in 0.008606 seconds
  Import took 0.014593 seconds .

========================================================================
Received Import Request.
  Time since last request: 0.000229 seconds.
  path: Assets/Lukas/personages/gnomos/Gnomo_madre_bueno.fbx
  artifactKey: Guid(c47f7ace931a9f04196d921d4ddf7a87) Importer(815301076,1909f56bfc062723c751e8b465ee728b)
Start importing Assets/Lukas/personages/gnomos/Gnomo_madre_bueno.fbx using Guid(c47f7ace931a9f04196d921d4ddf7a87) Importer(815301076,1909f56bfc062723c751e8b465ee728b)  -> (artifact id: 'fa5441e5f7a9a5df52fe567bf0bd3676') in 0.137879 seconds
  Import took 0.143265 seconds .

========================================================================
Received Import Request.
  Time since last request: 0.000221 seconds.
  path: Assets/Lukas/personages/gnomos/gnomo_anciano.fbx
  artifactKey: Guid(a789cf32fa9f60049b91a4df95053b90) Importer(815301076,1909f56bfc062723c751e8b465ee728b)
Start importing Assets/Lukas/personages/gnomos/gnomo_anciano.fbx using Guid(a789cf32fa9f60049b91a4df95053b90) Importer(815301076,1909f56bfc062723c751e8b465ee728b)  -> (artifact id: '1978013ddf5c5feb287ed5dffd696c6c') in 0.698460 seconds
  Import took 0.703720 seconds .

========================================================================
Received Import Request.
  Time since last request: 0.000234 seconds.
  path: Assets/Lukas/personages/gnomos/gnomo_pequeño.fbx
  artifactKey: Guid(3d1f91b5c829c1f43b299c44bf6f8453) Importer(815301076,1909f56bfc062723c751e8b465ee728b)
Start importing Assets/Lukas/personages/gnomos/gnomo_pequeño.fbx using Guid(3d1f91b5c829c1f43b299c44bf6f8453) Importer(815301076,1909f56bfc062723c751e8b465ee728b)  -> (artifact id: '3244c52c6d5cc6d1bb3369b62c211c5b') in 0.078700 seconds
  Import took 0.084337 seconds .

========================================================================
Received Import Request.
  Time since last request: 0.000235 seconds.
  path: Assets/Lukas/personages/gnomos
  artifactKey: Guid(742515b7357cac047b819fef767beec3) Importer(815301076,1909f56bfc062723c751e8b465ee728b)
Start importing Assets/Lukas/personages/gnomos using Guid(742515b7357cac047b819fef767beec3) Importer(815301076,1909f56bfc062723c751e8b465ee728b)  -> (artifact id: '5ec6b930966f237b5ca6f08a5cf9a767') in 0.165214 seconds
  Import took 0.170833 seconds .

========================================================================
Received Import Request.
  Time since last request: 0.000240 seconds.
  path: Assets/ParticlesUnlit.mat
  artifactKey: Guid(1b74ff984fbab44408c400d0ebcaa74e) Importer(815301076,1909f56bfc062723c751e8b465ee728b)
Start importing Assets/ParticlesUnlit.mat using Guid(1b74ff984fbab44408c400d0ebcaa74e) Importer(815301076,1909f56bfc062723c751e8b465ee728b)  -> (artifact id: 'd01a2677ee9fd6b5534f47af6c3fd68e') in 0.842402 seconds
  Import took 0.847587 seconds .

========================================================================
Received Import Request.
  Time since last request: 0.000221 seconds.
  path: Assets/Readme.asset
  artifactKey: Guid(83c2ed844a8c74b779a4c823d16594b1) Importer(815301076,1909f56bfc062723c751e8b465ee728b)
Start importing Assets/Readme.asset using Guid(83c2ed844a8c74b779a4c823d16594b1) Importer(815301076,1909f56bfc062723c751e8b465ee728b)  -> (artifact id: '814f4bbac30b11d82d56288dbf454709') in 0.168258 seconds
  Import took 0.173579 seconds .

========================================================================
Received Import Request.
  Time since last request: 0.000205 seconds.
  path: Assets/Scenes/Zona1Diego.unity
  artifactKey: Guid(89aeb04370288c34c83b6145e715526b) Importer(815301076,1909f56bfc062723c751e8b465ee728b)
Start importing Assets/Scenes/Zona1Diego.unity using Guid(89aeb04370288c34c83b6145e715526b) Importer(815301076,1909f56bfc062723c751e8b465ee728b)  -> (artifact id: '68dae5d7e28765543d91d526e5f24eab') in 0.194521 seconds
  Import took 0.515144 seconds .

========================================================================
Received Import Request.
  Time since last request: 48.472470 seconds.
  path: Assets/Lukas/personages/casitas/aspas.fbx
  artifactKey: Guid(bde02a18a43fc7d418d6cedcbcbf402e) Importer(815301076,1909f56bfc062723c751e8b465ee728b)
Start importing Assets/Lukas/personages/casitas/aspas.fbx using Guid(bde02a18a43fc7d418d6cedcbcbf402e) Importer(815301076,1909f56bfc062723c751e8b465ee728b)  -> (artifact id: '424aef18c676e5fac2921bf95e9c015d') in 0.027771 seconds
  Import took 0.035690 seconds .

========================================================================
Received Import Request.
  Time since last request: 0.000261 seconds.
  path: Assets/Lukas/personages/casitas/Molino.fbx
  artifactKey: Guid(db8a22826f9d63a4485df77f8b4805b0) Importer(815301076,1909f56bfc062723c751e8b465ee728b)
Start importing Assets/Lukas/personages/casitas/Molino.fbx using Guid(db8a22826f9d63a4485df77f8b4805b0) Importer(815301076,1909f56bfc062723c751e8b465ee728b)  -> (artifact id: 'fe2f19396ff0bf5b81c7a911ce914d7f') in 0.052823 seconds
  Import took 0.058390 seconds .

========================================================================
Received Import Request.
  Time since last request: 0.000215 seconds.
  path: Assets/Lukas/personages/casitas/Casita pequeña.fbx
  artifactKey: Guid(197907fccd3028a42b3bada7cc254913) Importer(815301076,1909f56bfc062723c751e8b465ee728b)
Start importing Assets/Lukas/personages/casitas/Casita pequeña.fbx using Guid(197907fccd3028a42b3bada7cc254913) Importer(815301076,1909f56bfc062723c751e8b465ee728b)  -> (artifact id: 'a80a23166327e29b91074e26fd36ef9d') in 0.023499 seconds
  Import took 0.028837 seconds .

========================================================================
Received Import Request.
  Time since last request: 0.000256 seconds.
  path: Assets/Lukas/personages/casitas/Casa cartoon.fbx
  artifactKey: Guid(89fdae8350ee53547879fe7898318dee) Importer(815301076,1909f56bfc062723c751e8b465ee728b)
Start importing Assets/Lukas/personages/casitas/Casa cartoon.fbx using Guid(89fdae8350ee53547879fe7898318dee) Importer(815301076,1909f56bfc062723c751e8b465ee728b)  -> (artifact id: '1e64dbe65a99b6888877f3b042c02f61') in 0.050579 seconds
  Import took 0.056150 seconds .

========================================================================
Received Import Request.
  Time since last request: 67.771752 seconds.
  path: Assets/Lukas/personages/casitas
  artifactKey: Guid(7697196c869148b42af812cca301aa14) Importer(815301076,1909f56bfc062723c751e8b465ee728b)
Start importing Assets/Lukas/personages/casitas using Guid(7697196c869148b42af812cca301aa14) Importer(815301076,1909f56bfc062723c751e8b465ee728b)  -> (artifact id: '375e3973b39d34ebf07ff997895fd49f') in 0.009514 seconds
  Import took 0.016536 seconds .

========================================================================
Received Import Request.
  Time since last request: 1.064066 seconds.
  path: Assets/Lukas/personages/casitas/MATERIALS
  artifactKey: Guid(949d8940ed1142c43b90e2b442d5a20f) Importer(815301076,1909f56bfc062723c751e8b465ee728b)
Start importing Assets/Lukas/personages/casitas/MATERIALS using Guid(949d8940ed1142c43b90e2b442d5a20f) Importer(815301076,1909f56bfc062723c751e8b465ee728b)  -> (artifact id: '41b52a6fb634ec8cc0891070163cf8c6') in 0.008523 seconds
  Import took 0.015485 seconds .

========================================================================
Received Import Request.
  Time since last request: 0.049758 seconds.
  path: Assets/Lukas/personages/casitas/MATERIALS/New Material 1.mat
  artifactKey: Guid(4a8aba48d7454fd4e96849d84cf11d51) Importer(815301076,1909f56bfc062723c751e8b465ee728b)
Start importing Assets/Lukas/personages/casitas/MATERIALS/New Material 1.mat using Guid(4a8aba48d7454fd4e96849d84cf11d51) Importer(815301076,1909f56bfc062723c751e8b465ee728b)  -> (artifact id: 'bca743b6130dd6c54a0d39ab5b839e76') in 0.438823 seconds
  Import took 0.445541 seconds .

========================================================================
Received Import Request.
  Time since last request: 0.000208 seconds.
  path: Assets/Lukas/personages/casitas/MATERIALS/New Material 3.mat
  artifactKey: Guid(02b444c7aa844b941a51d4846bae2e9f) Importer(815301076,1909f56bfc062723c751e8b465ee728b)
Start importing Assets/Lukas/personages/casitas/MATERIALS/New Material 3.mat using Guid(02b444c7aa844b941a51d4846bae2e9f) Importer(815301076,1909f56bfc062723c751e8b465ee728b)  -> (artifact id: '71cf76870866ceb80a9e2d900eab668e') in 0.320059 seconds
  Import took 0.325265 seconds .

========================================================================
Received Import Request.
  Time since last request: 0.000190 seconds.
  path: Assets/Lukas/personages/casitas/MATERIALS/New Material 4.mat
  artifactKey: Guid(55ab41629db42104886b28a83f5c566f) Importer(815301076,1909f56bfc062723c751e8b465ee728b)
Start importing Assets/Lukas/personages/casitas/MATERIALS/New Material 4.mat using Guid(55ab41629db42104886b28a83f5c566f) Importer(815301076,1909f56bfc062723c751e8b465ee728b)  -> (artifact id: '2937f0a1fc80e878e342a21f852e5eb2') in 0.022568 seconds
  Import took 0.028848 seconds .

========================================================================
Received Import Request.
  Time since last request: 0.000216 seconds.
  path: Assets/Lukas/personages/casitas/MATERIALS/New Material 2.mat
  artifactKey: Guid(6178019c997dbdc498776c5fa92685bc) Importer(815301076,1909f56bfc062723c751e8b465ee728b)
Start importing Assets/Lukas/personages/casitas/MATERIALS/New Material 2.mat using Guid(6178019c997dbdc498776c5fa92685bc) Importer(815301076,1909f56bfc062723c751e8b465ee728b)  -> (artifact id: '59cd860bd6727d646c2bfd9c94dbd2a1') in 0.423013 seconds
  Import took 0.429257 seconds .

========================================================================
Received Import Request.
  Time since last request: 0.000204 seconds.
  path: Assets/Lukas/personages/casitas/MATERIALS/New Material 5.mat
  artifactKey: Guid(95d4c31b7ad3a1b44b0f03043dd9c75e) Importer(815301076,1909f56bfc062723c751e8b465ee728b)
Start importing Assets/Lukas/personages/casitas/MATERIALS/New Material 5.mat using Guid(95d4c31b7ad3a1b44b0f03043dd9c75e) Importer(815301076,1909f56bfc062723c751e8b465ee728b)  -> (artifact id: '9d4501c2bd6d819bcef607057c8e313c') in 0.401555 seconds
  Import took 0.406709 seconds .

========================================================================
Received Import Request.
  Time since last request: 0.000202 seconds.
  path: Assets/Lukas/personages/casitas/MATERIALS/New Material.mat
  artifactKey: Guid(d317d8a50f1b00d429807f0845f4f9f2) Importer(815301076,1909f56bfc062723c751e8b465ee728b)
Start importing Assets/Lukas/personages/casitas/MATERIALS/New Material.mat using Guid(d317d8a50f1b00d429807f0845f4f9f2) Importer(815301076,1909f56bfc062723c751e8b465ee728b)  -> (artifact id: '4f0d5fa09685cd45ba6987b3d8ff1c50') in 0.027659 seconds
  Import took 0.033257 seconds .

========================================================================
Received Import Request.
  Time since last request: 360.155174 seconds.
  path: Assets/Handpainted_Grass_and_Ground_Textures/Textures
  artifactKey: Guid(547dc1e76fb957e40b1d76175f4d934c) Importer(815301076,1909f56bfc062723c751e8b465ee728b)
Start importing Assets/Handpainted_Grass_and_Ground_Textures/Textures using Guid(547dc1e76fb957e40b1d76175f4d934c) Importer(815301076,1909f56bfc062723c751e8b465ee728b)  -> (artifact id: '1e392d6f3bdd1de073267ef9f58d7bd7') in 0.009192 seconds
  Import took 0.017086 seconds .

========================================================================
Received Import Request.
  Time since last request: 1.510907 seconds.
  path: Assets/Handpainted_Grass_and_Ground_Textures/Textures/Dirt
  artifactKey: Guid(22083d95b4249964287aee78fd90c573) Importer(815301076,1909f56bfc062723c751e8b465ee728b)
Start importing Assets/Handpainted_Grass_and_Ground_Textures/Textures/Dirt using Guid(22083d95b4249964287aee78fd90c573) Importer(815301076,1909f56bfc062723c751e8b465ee728b)  -> (artifact id: 'c7e1705445798ed94b021b0ea24afac7') in 0.010416 seconds
  Import took 0.017428 seconds .

========================================================================
Received Import Request.
  Time since last request: 2.894512 seconds.
  path: Assets/Diseños/IMG_20220530_084934.jpg
  artifactKey: Guid(0e8527b2942ab9f43a34d278a428a7ec) Importer(815301076,1909f56bfc062723c751e8b465ee728b)
Start importing Assets/Diseños/IMG_20220530_084934.jpg using Guid(0e8527b2942ab9f43a34d278a428a7ec) Importer(815301076,1909f56bfc062723c751e8b465ee728b)  -> (artifact id: 'fd997e62acd238f2da71ae3e4f2a9527') in 0.090679 seconds
  Import took 0.097618 seconds .

========================================================================
Received Import Request.
  Time since last request: 0.000210 seconds.
  path: Assets/Diseños/IMG_20220530_084958.jpg
  artifactKey: Guid(54d9c511def60f54f8d524fdac146fc0) Importer(815301076,1909f56bfc062723c751e8b465ee728b)
Start importing Assets/Diseños/IMG_20220530_084958.jpg using Guid(54d9c511def60f54f8d524fdac146fc0) Importer(815301076,1909f56bfc062723c751e8b465ee728b)  -> (artifact id: 'dcdeb4e40647a547dae61c3c5d6ea4d3') in 0.018722 seconds
  Import took 0.024575 seconds .

========================================================================
Received Import Request.
  Time since last request: 0.000241 seconds.
  path: Assets/Diseños/IMG_20220530_085055.jpg
  artifactKey: Guid(9aac6a277326b0b46825e2eabdea41d2) Importer(815301076,1909f56bfc062723c751e8b465ee728b)
Start importing Assets/Diseños/IMG_20220530_085055.jpg using Guid(9aac6a277326b0b46825e2eabdea41d2) Importer(815301076,1909f56bfc062723c751e8b465ee728b)  -> (artifact id: '49b5f05bbd4b40fa346b9c1125cef3f4') in 0.018723 seconds
  Import took 0.024428 seconds .

========================================================================
Received Import Request.
  Time since last request: 0.000251 seconds.
  path: Assets/Diseños/IMG_20220530_085037.jpg
  artifactKey: Guid(24cf974888f7b844c9887ccc93900b94) Importer(815301076,1909f56bfc062723c751e8b465ee728b)
Start importing Assets/Diseños/IMG_20220530_085037.jpg using Guid(24cf974888f7b844c9887ccc93900b94) Importer(815301076,1909f56bfc062723c751e8b465ee728b)  -> (artifact id: '3f525351a457a3b9fc526119df093c91') in 0.016767 seconds
  Import took 0.023262 seconds .

========================================================================
Received Import Request.
  Time since last request: 0.000220 seconds.
  path: Assets/Diseños/IMG_20220530_085047.jpg
  artifactKey: Guid(efc7348a27e037544a05603decc9f333) Importer(815301076,1909f56bfc062723c751e8b465ee728b)
Start importing Assets/Diseños/IMG_20220530_085047.jpg using Guid(efc7348a27e037544a05603decc9f333) Importer(815301076,1909f56bfc062723c751e8b465ee728b)  -> (artifact id: '3aa59630e9b42711ed57ff837e2b682d') in 0.017966 seconds
  Import took 0.023954 seconds .

========================================================================
Received Import Request.
  Time since last request: 0.000267 seconds.
  path: Assets/Diseños/IMG_20220530_085009.jpg
  artifactKey: Guid(82b8c9f70e0ac2c4ca37c28d87675774) Importer(815301076,1909f56bfc062723c751e8b465ee728b)
Start importing Assets/Diseños/IMG_20220530_085009.jpg using Guid(82b8c9f70e0ac2c4ca37c28d87675774) Importer(815301076,1909f56bfc062723c751e8b465ee728b)  -> (artifact id: '2d85f8b67676f2577657ab368547c606') in 0.018640 seconds
  Import took 0.024651 seconds .

========================================================================
Received Import Request.
  Time since last request: 0.000209 seconds.
  path: Assets/Diseños/IMG_20220530_085027.jpg
  artifactKey: Guid(3046802285658f24eaad0c7d653d4aca) Importer(815301076,1909f56bfc062723c751e8b465ee728b)
Start importing Assets/Diseños/IMG_20220530_085027.jpg using Guid(3046802285658f24eaad0c7d653d4aca) Importer(815301076,1909f56bfc062723c751e8b465ee728b)  -> (artifact id: '46ccfb2acee389cae2757d15042061f4') in 0.020547 seconds
  Import took 0.026304 seconds .

========================================================================
Received Import Request.
  Time since last request: 0.000190 seconds.
  path: Assets/Diseños/IMG_20220530_085018.jpg
  artifactKey: Guid(a7effafbb9b1f4141bed1046317552e1) Importer(815301076,1909f56bfc062723c751e8b465ee728b)
Start importing Assets/Diseños/IMG_20220530_085018.jpg using Guid(a7effafbb9b1f4141bed1046317552e1) Importer(815301076,1909f56bfc062723c751e8b465ee728b)  -> (artifact id: '356ed45f9927e89bb311149dc6955192') in 0.019635 seconds
  Import took 0.025642 seconds .

========================================================================
Received Import Request.
  Time since last request: 25.145925 seconds.
  path: Assets/Shaders/CalcAdditionalDiffuse.shadersubgraph
  artifactKey: Guid(e85823578a3493d41ade631af12166aa) Importer(815301076,1909f56bfc062723c751e8b465ee728b)
Start importing Assets/Shaders/CalcAdditionalDiffuse.shadersubgraph using Guid(e85823578a3493d41ade631af12166aa) Importer(815301076,1909f56bfc062723c751e8b465ee728b)  -> (artifact id: '9a25cee002b0afff4b839276505af0fa') in 0.013952 seconds
  Import took 0.021179 seconds .

========================================================================
Received Import Request.
  Time since last request: 0.000256 seconds.
  path: Assets/Shaders/GetAdditionalLight.shadersubgraph
  artifactKey: Guid(b5516a5008f7d104abebe27210c42de8) Importer(815301076,1909f56bfc062723c751e8b465ee728b)
Start importing Assets/Shaders/GetAdditionalLight.shadersubgraph using Guid(b5516a5008f7d104abebe27210c42de8) Importer(815301076,1909f56bfc062723c751e8b465ee728b)  -> (artifact id: 'f858c3c2dd1ef1d82d0a03dc947372dc') in 0.009193 seconds
  Import took 0.014927 seconds .

========================================================================
Received Import Request.
  Time since last request: 0.000307 seconds.
  path: Assets/Shaders/Fire.shadergraph
  artifactKey: Guid(cb8fbafada7b54a4987a47a6909e87fd) Importer(815301076,1909f56bfc062723c751e8b465ee728b)
Start importing Assets/Shaders/Fire.shadergraph using Guid(cb8fbafada7b54a4987a47a6909e87fd) Importer(815301076,1909f56bfc062723c751e8b465ee728b)  -> (artifact id: '9703dbd5252b0d4ac7d17b718ee0476c') in 0.173643 seconds
  Import took 0.179995 seconds .

========================================================================
Received Import Request.
  Time since last request: 0.000210 seconds.
  path: Assets/Shaders/CalcAdditionalSpecular.shadersubgraph
  artifactKey: Guid(d84098efe9b2b6043a74a1631b825314) Importer(815301076,1909f56bfc062723c751e8b465ee728b)
Start importing Assets/Shaders/CalcAdditionalSpecular.shadersubgraph using Guid(d84098efe9b2b6043a74a1631b825314) Importer(815301076,1909f56bfc062723c751e8b465ee728b)  -> (artifact id: '87ad2d775f1b59012dc17b190fbd7f39') in 0.007787 seconds
  Import took 0.012980 seconds .

========================================================================
Received Import Request.
  Time since last request: 0.000199 seconds.
  path: Assets/Shaders/GetMainLight.shadersubgraph
  artifactKey: Guid(d6b14a2e8b6f3554b8459648535f697e) Importer(815301076,1909f56bfc062723c751e8b465ee728b)
Start importing Assets/Shaders/GetMainLight.shadersubgraph using Guid(d6b14a2e8b6f3554b8459648535f697e) Importer(815301076,1909f56bfc062723c751e8b465ee728b)  -> (artifact id: '67abc0b9a4d070f0cd6bcc8564b45d34') in 0.007814 seconds
  Import took 0.013650 seconds .

========================================================================
Received Import Request.
  Time since last request: 0.245574 seconds.
  path: Assets/StylizedGrass/Grass Profile.asset
  artifactKey: Guid(ad90d254e63fed849b487d547a6add68) Importer(815301076,1909f56bfc062723c751e8b465ee728b)
Start importing Assets/StylizedGrass/Grass Profile.asset using Guid(ad90d254e63fed849b487d547a6add68) Importer(815301076,1909f56bfc062723c751e8b465ee728b)  -> (artifact id: '135909ce5dd40980df17a053da0f895e') in 0.007712 seconds
  Import took 0.013763 seconds .

========================================================================
Received Import Request.
  Time since last request: 0.667523 seconds.
  path: Assets/Musica/Mazmorra.mp3
  artifactKey: Guid(c1861f0f807d9e44f9862a4d5a635e60) Importer(815301076,1909f56bfc062723c751e8b465ee728b)
Start importing Assets/Musica/Mazmorra.mp3 using Guid(c1861f0f807d9e44f9862a4d5a635e60) Importer(815301076,1909f56bfc062723c751e8b465ee728b)  -> (artifact id: '73e3269427491ae6a4a0d0ab1682b878') in 0.070719 seconds
  Import took 0.076914 seconds .

========================================================================
Received Import Request.
  Time since last request: 0.000230 seconds.
  path: Assets/Musica/Zona1.mp3
  artifactKey: Guid(d340cb3edb5cc7046ae1ee1f070edaec) Importer(815301076,1909f56bfc062723c751e8b465ee728b)
Start importing Assets/Musica/Zona1.mp3 using Guid(d340cb3edb5cc7046ae1ee1f070edaec) Importer(815301076,1909f56bfc062723c751e8b465ee728b)  -> (artifact id: '2e69313a0e0df63a0a217d81ca3d9e3e') in 0.014890 seconds
  Import took 0.020015 seconds .

========================================================================
Received Import Request.
  Time since last request: 0.000238 seconds.
  path: Assets/Musica/Tutorial.MP3.mp3
  artifactKey: Guid(97b3c0d90f927b34da2bca589d10af01) Importer(815301076,1909f56bfc062723c751e8b465ee728b)
Start importing Assets/Musica/Tutorial.MP3.mp3 using Guid(97b3c0d90f927b34da2bca589d10af01) Importer(815301076,1909f56bfc062723c751e8b465ee728b)  -> (artifact id: 'f723ed233af60898cae000e2eec3b38a') in 0.013706 seconds
  Import took 0.019046 seconds .

========================================================================
Received Import Request.
  Time since last request: 1.070598 seconds.
  path: Assets/Meshes/Suzanne.blend
  artifactKey: Guid(80e8dc5cf1fdb3240b3e64b20e0de680) Importer(815301076,1909f56bfc062723c751e8b465ee728b)
Start importing Assets/Meshes/Suzanne.blend using Guid(80e8dc5cf1fdb3240b3e64b20e0de680) Importer(815301076,1909f56bfc062723c751e8b465ee728b)  -> (artifact id: 'b0bfff1a0d02584ff7e4f069c43673eb') in 0.025075 seconds
  Import took 0.032539 seconds .

========================================================================
Received Import Request.
  Time since last request: 0.000292 seconds.
  path: Assets/Meshes/Torus.blend
  artifactKey: Guid(8d0e691f5d17b9a43a7dd50c90070127) Importer(815301076,1909f56bfc062723c751e8b465ee728b)
Start importing Assets/Meshes/Torus.blend using Guid(8d0e691f5d17b9a43a7dd50c90070127) Importer(815301076,1909f56bfc062723c751e8b465ee728b)  -> (artifact id: '092771aa9333a95d6b1812207788159b') in 0.022333 seconds
  Import took 0.028403 seconds .

========================================================================
Received Import Request.
  Time since last request: 0.238856 seconds.
  path: Assets/Materials/Colour Grid emission.mat
  artifactKey: Guid(71449da2f2a3c1c4eba7fe7c83bc3dec) Importer(815301076,1909f56bfc062723c751e8b465ee728b)
Start importing Assets/Materials/Colour Grid emission.mat using Guid(71449da2f2a3c1c4eba7fe7c83bc3dec) Importer(815301076,1909f56bfc062723c751e8b465ee728b)  -> (artifact id: 'a2d09bc0e9625d327eaa8797c2d9a963') in 0.297181 seconds
  Import took 0.303268 seconds .

========================================================================
Received Import Request.
  Time since last request: 0.000214 seconds.
  path: Assets/Materials/New Material 4.mat
  artifactKey: Guid(9999c3abfcf126f4997315b5033c1425) Importer(815301076,1909f56bfc062723c751e8b465ee728b)
Start importing Assets/Materials/New Material 4.mat using Guid(9999c3abfcf126f4997315b5033c1425) Importer(815301076,1909f56bfc062723c751e8b465ee728b)  -> (artifact id: '01c6dbe6d88bb766723b1d0e3ea8daab') in 0.011789 seconds
  Import took 0.017509 seconds .

========================================================================
Received Import Request.
  Time since last request: 0.000184 seconds.
  path: Assets/Materials/Colour Grid.mat
  artifactKey: Guid(2f400dc7bad9d124cb965988e2e21d8f) Importer(815301076,1909f56bfc062723c751e8b465ee728b)
Start importing Assets/Materials/Colour Grid.mat using Guid(2f400dc7bad9d124cb965988e2e21d8f) Importer(815301076,1909f56bfc062723c751e8b465ee728b)  -> (artifact id: 'a346102489d8fb550044a2ffcaefaac4') in 0.016604 seconds
  Import took 0.022372 seconds .

========================================================================
Received Import Request.
  Time since last request: 0.000222 seconds.
  path: Assets/Materials/New Material 3.mat
  artifactKey: Guid(4ba30234235b1c14587ddaeca0b0d8ff) Importer(815301076,1909f56bfc062723c751e8b465ee728b)
Start importing Assets/Materials/New Material 3.mat using Guid(4ba30234235b1c14587ddaeca0b0d8ff) Importer(815301076,1909f56bfc062723c751e8b465ee728b)  -> (artifact id: 'f6dad8b4f35eddb028f181189d8cb609') in 0.505606 seconds
  Import took 0.511521 seconds .

========================================================================
Received Import Request.
  Time since last request: 0.000204 seconds.
  path: Assets/Materials/Sword.mat
  artifactKey: Guid(397a8433a2710d44b9e231eb2ce8b6a9) Importer(815301076,1909f56bfc062723c751e8b465ee728b)
Start importing Assets/Materials/Sword.mat using Guid(397a8433a2710d44b9e231eb2ce8b6a9) Importer(815301076,1909f56bfc062723c751e8b465ee728b)  -> (artifact id: '4c59a6a46ccc80f6d598d5d3fa799662') in 0.015064 seconds
  Import took 0.020258 seconds .

========================================================================
Received Import Request.
  Time since last request: 0.000224 seconds.
  path: Assets/Materials/Colour Palette.png
  artifactKey: Guid(2e6979db47c0455499b228b771e9a279) Importer(815301076,1909f56bfc062723c751e8b465ee728b)
Start importing Assets/Materials/Colour Palette.png using Guid(2e6979db47c0455499b228b771e9a279) Importer(815301076,1909f56bfc062723c751e8b465ee728b)  -> (artifact id: 'f775c8ef1ba4e3859bb18a78e5a5f8e2') in 0.012621 seconds
  Import took 0.018238 seconds .

========================================================================
Received Import Request.
  Time since last request: 0.000225 seconds.
  path: Assets/Materials/New Material 5.mat
  artifactKey: Guid(1cc2e6ddfa9f1324ba8d83fa68b0108b) Importer(815301076,1909f56bfc062723c751e8b465ee728b)
Start importing Assets/Materials/New Material 5.mat using Guid(1cc2e6ddfa9f1324ba8d83fa68b0108b) Importer(815301076,1909f56bfc062723c751e8b465ee728b)  -> (artifact id: '2af64678609087e80ff38e7b37238fb2') in 0.012589 seconds
  Import took 0.018164 seconds .

========================================================================
Received Import Request.
  Time since last request: 0.000233 seconds.
  path: Assets/Materials/New Material.mat
  artifactKey: Guid(ecf1dd4cee4238c4fa76f14989b065cc) Importer(815301076,1909f56bfc062723c751e8b465ee728b)
Start importing Assets/Materials/New Material.mat using Guid(ecf1dd4cee4238c4fa76f14989b065cc) Importer(815301076,1909f56bfc062723c751e8b465ee728b)  -> (artifact id: '1d950abf9d3b445d1421d7ca350c2253') in 0.012570 seconds
  Import took 0.018700 seconds .

========================================================================
Received Import Request.
  Time since last request: 0.000262 seconds.
  path: Assets/Materials/Hookeable.mat
  artifactKey: Guid(59f5d15c05db8c64bb1f7bc64b7b5aea) Importer(815301076,1909f56bfc062723c751e8b465ee728b)
Start importing Assets/Materials/Hookeable.mat using Guid(59f5d15c05db8c64bb1f7bc64b7b5aea) Importer(815301076,1909f56bfc062723c751e8b465ee728b)  -> (artifact id: '334e0a6d937fa6cf654e0ce41c71e9e5') in 0.016926 seconds
  Import took 0.023451 seconds .

========================================================================
Received Import Request.
  Time since last request: 0.000210 seconds.
  path: Assets/Materials/uwu.mat
  artifactKey: Guid(5b92ab1d0c424b24fb3629d960d0097c) Importer(815301076,1909f56bfc062723c751e8b465ee728b)
Start importing Assets/Materials/uwu.mat using Guid(5b92ab1d0c424b24fb3629d960d0097c) Importer(815301076,1909f56bfc062723c751e8b465ee728b)  -> (artifact id: '84d33bbfad7f168e189a531f0fdd4d6d') in 0.022677 seconds
  Import took 0.028504 seconds .

========================================================================
Received Import Request.
  Time since last request: 0.000204 seconds.
  path: Assets/Materials/New Material 1.mat
  artifactKey: Guid(62674cf3f6fe0aa479dc5d516d20fa79) Importer(815301076,1909f56bfc062723c751e8b465ee728b)
Start importing Assets/Materials/New Material 1.mat using Guid(62674cf3f6fe0aa479dc5d516d20fa79) Importer(815301076,1909f56bfc062723c751e8b465ee728b)  -> (artifact id: '84d3fe487953e639caa4d4fe49c1a34d') in 0.015275 seconds
  Import took 0.021108 seconds .

========================================================================
Received Import Request.
  Time since last request: 0.000221 seconds.
  path: Assets/Materials/New Material 2.mat
  artifactKey: Guid(e7e35bd6dab422b4aa149c32200f1b9c) Importer(815301076,1909f56bfc062723c751e8b465ee728b)
Start importing Assets/Materials/New Material 2.mat using Guid(e7e35bd6dab422b4aa149c32200f1b9c) Importer(815301076,1909f56bfc062723c751e8b465ee728b)  -> (artifact id: '6a3d47a9e5ef036fcd9ebeaba5904d41') in 0.019533 seconds
  Import took 0.025614 seconds .

========================================================================
Received Import Request.
  Time since last request: 327.376132 seconds.
  path: Assets/Helena/cripta_texturizar.fbx
  artifactKey: Guid(6b2844b1539bcbd438847d3663b768f9) Importer(815301076,1909f56bfc062723c751e8b465ee728b)
Start importing Assets/Helena/cripta_texturizar.fbx using Guid(6b2844b1539bcbd438847d3663b768f9) Importer(815301076,1909f56bfc062723c751e8b465ee728b)  -> (artifact id: '48920c92698a96bdbe5781dbbc781d6c') in 0.027086 seconds
  Import took 0.033888 seconds .

========================================================================
Received Import Request.
  Time since last request: 0.000260 seconds.
  path: Assets/Helena/hombre_pajaro_para_color.fbx
  artifactKey: Guid(ebe1ea2d672f10649becd4959f77cf13) Importer(815301076,1909f56bfc062723c751e8b465ee728b)
Start importing Assets/Helena/hombre_pajaro_para_color.fbx using Guid(ebe1ea2d672f10649becd4959f77cf13) Importer(815301076,1909f56bfc062723c751e8b465ee728b)  -> (artifact id: 'c838e1299e1864dab2d67b797cdab4a0') in 0.044929 seconds
  Import took 0.050376 seconds .

========================================================================
Received Import Request.
  Time since last request: 0.000215 seconds.
  path: Assets/Helena/Ogro.mesh
  artifactKey: Guid(408c03fc794c2c64a9522e5419c2e458) Importer(815301076,1909f56bfc062723c751e8b465ee728b)
Start importing Assets/Helena/Ogro.mesh using Guid(408c03fc794c2c64a9522e5419c2e458) Importer(815301076,1909f56bfc062723c751e8b465ee728b)  -> (artifact id: '80c4cf89ad243af6f5bae31cdb8e2bf7') in 0.112470 seconds
  Import took 0.117903 seconds .

========================================================================
Received Import Request.
  Time since last request: 0.000244 seconds.
  path: Assets/Helena/ogro_material.mat
  artifactKey: Guid(fb4683c4aefb4944591bd2399d9b69fd) Importer(815301076,1909f56bfc062723c751e8b465ee728b)
Start importing Assets/Helena/ogro_material.mat using Guid(fb4683c4aefb4944591bd2399d9b69fd) Importer(815301076,1909f56bfc062723c751e8b465ee728b)  -> (artifact id: '811f5cf7fd630547c3e7c090bbd90c48') in 0.791016 seconds
  Import took 0.796602 seconds .

========================================================================
Received Import Request.
  Time since last request: 0.000244 seconds.
  path: Assets/Helena/hombrePajaro_material.mat
  artifactKey: Guid(2dadade233a2cf845ae11a6387eafca3) Importer(815301076,1909f56bfc062723c751e8b465ee728b)
Start importing Assets/Helena/hombrePajaro_material.mat using Guid(2dadade233a2cf845ae11a6387eafca3) Importer(815301076,1909f56bfc062723c751e8b465ee728b)  -> (artifact id: 'e5875752d96d77373026a6070eb798b7') in 0.328272 seconds
  Import took 0.333823 seconds .

========================================================================
Received Import Request.
  Time since last request: 0.000220 seconds.
  path: Assets/Helena/ogro_ya_mapeado.fbx
  artifactKey: Guid(5d98fbfe271ed0d4c86f26b553a1f4c2) Importer(815301076,1909f56bfc062723c751e8b465ee728b)
Start importing Assets/Helena/ogro_ya_mapeado.fbx using Guid(5d98fbfe271ed0d4c86f26b553a1f4c2) Importer(815301076,1909f56bfc062723c751e8b465ee728b)  -> (artifact id: 'b85ad901beb14f81f31221890d3e25a0') in 0.039043 seconds
  Import took 0.044533 seconds .

========================================================================
Received Import Request.
  Time since last request: 8.824159 seconds.
  path: Assets/Helena/PictureCrossTownsAssets.fbx
  artifactKey: Guid(71750ec615805014d86490e4f1289220) Importer(815301076,1909f56bfc062723c751e8b465ee728b)
Start importing Assets/Helena/PictureCrossTownsAssets.fbx using Guid(71750ec615805014d86490e4f1289220) Importer(815301076,1909f56bfc062723c751e8b465ee728b)  -> (artifact id: 'b8df621ba9d212ed6ac977a56bf2b591') in 3.116419 seconds
  Import took 3.128819 seconds .

========================================================================
Received Import Request.
  Time since last request: 31.797433 seconds.
  path: Assets/Helena
  artifactKey: Guid(f9c34795bfd5885408469fb0fe57da49) Importer(815301076,1909f56bfc062723c751e8b465ee728b)
Start importing Assets/Helena using Guid(f9c34795bfd5885408469fb0fe57da49) Importer(815301076,1909f56bfc062723c751e8b465ee728b)  -> (artifact id: 'f0944532533463c32334d891bb38d648') in 0.008025 seconds
  Import took 0.015233 seconds .

========================================================================
Received Import Request.
  Time since last request: 11.380308 seconds.
  path: Assets/Helena/textura_pueblo.mat
  artifactKey: Guid(e1e35a83fe328764babdf884b48337c7) Importer(815301076,1909f56bfc062723c751e8b465ee728b)
Start importing Assets/Helena/textura_pueblo.mat using Guid(e1e35a83fe328764babdf884b48337c7) Importer(815301076,1909f56bfc062723c751e8b465ee728b)  -> (artifact id: '35da4fb26610b22c65c48bbc6ebf9f3d') in 0.018869 seconds
  Import took 0.025274 seconds .

========================================================================
Received Import Request.
  Time since last request: 14.337836 seconds.
  path: Assets/Helena/Gradients.png
  artifactKey: Guid(51f221f0e6e330d408be95078707e5a4) Importer(815301076,1909f56bfc062723c751e8b465ee728b)
Start importing Assets/Helena/Gradients.png using Guid(51f221f0e6e330d408be95078707e5a4) Importer(815301076,1909f56bfc062723c751e8b465ee728b)  -> (artifact id: 'c4e2bff65fdb67e1323913a73e7f90f8') in 0.018179 seconds
  Import took 0.024420 seconds .

========================================================================
Received Import Request.
  Time since last request: 0.000286 seconds.
  path: Assets/Helena/PictureCrossTownsAssets.fbx
  artifactKey: Guid(71750ec615805014d86490e4f1289220) Importer(815301076,1909f56bfc062723c751e8b465ee728b)
Start importing Assets/Helena/PictureCrossTownsAssets.fbx using Guid(71750ec615805014d86490e4f1289220) Importer(815301076,1909f56bfc062723c751e8b465ee728b)  -> (artifact id: 'a2ba3205d661c421c1b493877d058164') in 3.474498 seconds
  Import took 3.487414 seconds .

========================================================================
Received Import Request.
  Time since last request: 0.000257 seconds.
  path: Assets/Helena/Gradients.png
  artifactKey: Guid(51f221f0e6e330d408be95078707e5a4) Importer(815301076,1909f56bfc062723c751e8b465ee728b)
Start importing Assets/Helena/Gradients.png using Guid(51f221f0e6e330d408be95078707e5a4) Importer(815301076,1909f56bfc062723c751e8b465ee728b)  -> (artifact id: 'c4e2bff65fdb67e1323913a73e7f90f8') in 0.012566 seconds
  Import took 0.018434 seconds .

========================================================================
Received Import Request.
  Time since last request: 1736.029675 seconds.
  path: Assets/Materiales básicos/Arbusto.mat
  artifactKey: Guid(bed6f1a940c28744aadf109d8b96c4c0) Importer(815301076,1909f56bfc062723c751e8b465ee728b)
Start importing Assets/Materiales básicos/Arbusto.mat using Guid(bed6f1a940c28744aadf109d8b96c4c0) Importer(815301076,1909f56bfc062723c751e8b465ee728b)  -> (artifact id: '46023b376475fc60b95cca69f49a6e0b') in 0.371831 seconds
  Import took 0.380799 seconds .

========================================================================
Received Import Request.
  Time since last request: 0.000304 seconds.
  path: Assets/Materiales básicos/Tierra.mat
  artifactKey: Guid(69b354b7734c18d49916223cc064c0d2) Importer(815301076,1909f56bfc062723c751e8b465ee728b)
Start importing Assets/Materiales básicos/Tierra.mat using Guid(69b354b7734c18d49916223cc064c0d2) Importer(815301076,1909f56bfc062723c751e8b465ee728b)  -> (artifact id: '5866407d4a65fcef75eadbb1728d865d') in 0.016290 seconds
  Import took 0.022803 seconds .

========================================================================
Received Import Request.
  Time since last request: 0.000280 seconds.
  path: Assets/Materiales básicos/Enemigo.mat
  artifactKey: Guid(b78c720178d582f46ad79c1440cf7ecd) Importer(815301076,1909f56bfc062723c751e8b465ee728b)
Start importing Assets/Materiales básicos/Enemigo.mat using Guid(b78c720178d582f46ad79c1440cf7ecd) Importer(815301076,1909f56bfc062723c751e8b465ee728b)  -> (artifact id: '1febfd9ca29419cd843a32f5361250f2') in 0.017330 seconds
  Import took 0.023673 seconds .

========================================================================
Received Import Request.
  Time since last request: 0.000270 seconds.
  path: Assets/Materiales básicos/Pared T.mat
  artifactKey: Guid(7518260a2210d894ba472dc0a9fbd980) Importer(815301076,1909f56bfc062723c751e8b465ee728b)
Start importing Assets/Materiales básicos/Pared T.mat using Guid(7518260a2210d894ba472dc0a9fbd980) Importer(815301076,1909f56bfc062723c751e8b465ee728b)  -> (artifact id: '8625bd1b12aae3f3c2ea70dadb5130ce') in 0.016068 seconds
  Import took 0.022584 seconds .

========================================================================
Received Import Request.
  Time since last request: 0.000244 seconds.
  path: Assets/Materiales básicos/Fondo.mat
  artifactKey: Guid(ff27c532cf01122459506da0453c9de8) Importer(815301076,1909f56bfc062723c751e8b465ee728b)
Start importing Assets/Materiales básicos/Fondo.mat using Guid(ff27c532cf01122459506da0453c9de8) Importer(815301076,1909f56bfc062723c751e8b465ee728b)  -> (artifact id: '61d7f78159d0f9c74f58f9c5147ef7ca') in 0.024825 seconds
  Import took 0.031614 seconds .

========================================================================
Received Import Request.
  Time since last request: 0.000210 seconds.
  path: Assets/Materiales básicos/Suelo M.mat
  artifactKey: Guid(53e19ef13e5b84248b7f86dd767dca00) Importer(815301076,1909f56bfc062723c751e8b465ee728b)
Start importing Assets/Materiales básicos/Suelo M.mat using Guid(53e19ef13e5b84248b7f86dd767dca00) Importer(815301076,1909f56bfc062723c751e8b465ee728b)  -> (artifact id: 'e1ffac40f9304d23f64c56a208d13bf1') in 0.016195 seconds
  Import took 0.022377 seconds .

========================================================================
Received Import Request.
  Time since last request: 0.000243 seconds.
  path: Assets/Materiales básicos/Puerta.mat
  artifactKey: Guid(889cc47a0aef9cb41afa6698b25b3664) Importer(815301076,1909f56bfc062723c751e8b465ee728b)
Start importing Assets/Materiales básicos/Puerta.mat using Guid(889cc47a0aef9cb41afa6698b25b3664) Importer(815301076,1909f56bfc062723c751e8b465ee728b)  -> (artifact id: '56b243762f1d755e3110849e47d22890') in 0.015724 seconds
  Import took 0.021800 seconds .

========================================================================
Received Import Request.
  Time since last request: 0.000265 seconds.
  path: Assets/Materiales básicos/Suelo.mat
  artifactKey: Guid(a73ec5110391b9540bea5fc971263fd1) Importer(815301076,1909f56bfc062723c751e8b465ee728b)
Start importing Assets/Materiales básicos/Suelo.mat using Guid(a73ec5110391b9540bea5fc971263fd1) Importer(815301076,1909f56bfc062723c751e8b465ee728b)  -> (artifact id: '9ad9523cab0ec47deaed45ccdfb6be2c') in 0.015307 seconds
  Import took 0.021230 seconds .

========================================================================
Received Import Request.
  Time since last request: 0.000183 seconds.
  path: Assets/Materiales básicos/Pared ext.mat
  artifactKey: Guid(331094bca68148c4abb2e874a2d62f5a) Importer(815301076,1909f56bfc062723c751e8b465ee728b)
Start importing Assets/Materiales básicos/Pared ext.mat using Guid(331094bca68148c4abb2e874a2d62f5a) Importer(815301076,1909f56bfc062723c751e8b465ee728b)  -> (artifact id: '1dc792f162b513b94e05a48e40e57d3a') in 0.018289 seconds
  Import took 0.024058 seconds .

========================================================================
Received Import Request.
  Time since last request: 127.151152 seconds.
  path: Assets/Lukas/personages/gnomos/texturas gnomos
  artifactKey: Guid(f605b82005d3f9b4e85d9b5e0f8d331a) Importer(815301076,1909f56bfc062723c751e8b465ee728b)
Start importing Assets/Lukas/personages/gnomos/texturas gnomos using Guid(f605b82005d3f9b4e85d9b5e0f8d331a) Importer(815301076,1909f56bfc062723c751e8b465ee728b)  -> (artifact id: 'ee2f8dd4f7e1b99a89dd76f37e3fb6c6') in 0.031612 seconds
  Import took 0.039355 seconds .

========================================================================
Received Import Request.
  Time since last request: 8.397519 seconds.
  path: Assets/Lukas/personages/gnomos/materials
  artifactKey: Guid(9192e0353f2573743a2f3bf544fe950c) Importer(815301076,1909f56bfc062723c751e8b465ee728b)
Start importing Assets/Lukas/personages/gnomos/materials using Guid(9192e0353f2573743a2f3bf544fe950c) Importer(815301076,1909f56bfc062723c751e8b465ee728b)  -> (artifact id: '2ffb4739950ec58f5362a0cf0a6742e7') in 0.011667 seconds
  Import took 0.019392 seconds .

========================================================================
Received Import Request.
  Time since last request: 0.040470 seconds.
  path: Assets/Lukas/personages/gnomos/materials/New Material 1.mat
  artifactKey: Guid(d3c19933d17d7494cac9a54833421a8d) Importer(815301076,1909f56bfc062723c751e8b465ee728b)
Start importing Assets/Lukas/personages/gnomos/materials/New Material 1.mat using Guid(d3c19933d17d7494cac9a54833421a8d) Importer(815301076,1909f56bfc062723c751e8b465ee728b)  -> (artifact id: 'd8532a57e8ed288c7457eaabf12d1ac1') in 0.096166 seconds
  Import took 0.103174 seconds .

========================================================================
Received Import Request.
  Time since last request: 0.000259 seconds.
  path: Assets/Lukas/personages/gnomos/materials/New Material 3.mat
  artifactKey: Guid(533c1b48b011013448625e41aa8f4e92) Importer(815301076,1909f56bfc062723c751e8b465ee728b)
Start importing Assets/Lukas/personages/gnomos/materials/New Material 3.mat using Guid(533c1b48b011013448625e41aa8f4e92) Importer(815301076,1909f56bfc062723c751e8b465ee728b)  -> (artifact id: '17c4584e7a86de3e3037cc419eef583f') in 0.018559 seconds
  Import took 0.024552 seconds .

========================================================================
Received Import Request.
  Time since last request: 0.000242 seconds.
  path: Assets/Lukas/personages/gnomos/materials/New Material 5.mat
  artifactKey: Guid(fc646bf6292c30b4bbe056ce4ce11f1a) Importer(815301076,1909f56bfc062723c751e8b465ee728b)
Start importing Assets/Lukas/personages/gnomos/materials/New Material 5.mat using Guid(fc646bf6292c30b4bbe056ce4ce11f1a) Importer(815301076,1909f56bfc062723c751e8b465ee728b)  -> (artifact id: '8d2d5c840a2747a5aadfa56c674f5401') in 0.026968 seconds
  Import took 0.033459 seconds .

========================================================================
Received Import Request.
  Time since last request: 0.000250 seconds.
  path: Assets/Lukas/personages/gnomos/materials/New Material 2.mat
  artifactKey: Guid(21c2dd13e3133fa4e92546e73444eada) Importer(815301076,1909f56bfc062723c751e8b465ee728b)
Start importing Assets/Lukas/personages/gnomos/materials/New Material 2.mat using Guid(21c2dd13e3133fa4e92546e73444eada) Importer(815301076,1909f56bfc062723c751e8b465ee728b)  -> (artifact id: '486b73370ca765129752ebbc202e9f2a') in 0.019743 seconds
  Import took 0.026265 seconds .

========================================================================
Received Import Request.
  Time since last request: 0.000213 seconds.
  path: Assets/Lukas/personages/gnomos/materials/New Material 4.mat
  artifactKey: Guid(ceae6fdc40d145343b946a03d80c5eb0) Importer(815301076,1909f56bfc062723c751e8b465ee728b)
Start importing Assets/Lukas/personages/gnomos/materials/New Material 4.mat using Guid(ceae6fdc40d145343b946a03d80c5eb0) Importer(815301076,1909f56bfc062723c751e8b465ee728b)  -> (artifact id: 'fd6c775c0006ed0bfb315f692604b070') in 0.303485 seconds
  Import took 0.309800 seconds .

========================================================================
Received Import Request.
  Time since last request: 0.000208 seconds.
  path: Assets/Lukas/personages/gnomos/materials/New Material.mat
  artifactKey: Guid(f3772eb6338fa87409fd0d78ababe5c5) Importer(815301076,1909f56bfc062723c751e8b465ee728b)
Start importing Assets/Lukas/personages/gnomos/materials/New Material.mat using Guid(f3772eb6338fa87409fd0d78ababe5c5) Importer(815301076,1909f56bfc062723c751e8b465ee728b)  -> (artifact id: 'db5f9230d1d4f4d0762f33c4cd56af1c') in 0.017813 seconds
  Import took 0.023218 seconds .

========================================================================
Received Import Request.
  Time since last request: 214.967682 seconds.
  path: Assets/Lukas/personages/gnomos/texturas gnomos/textura gnomo anciano/lambert1_Base_color.png
  artifactKey: Guid(f4efb2eba91f1a645bc29b3b10686374) Importer(815301076,1909f56bfc062723c751e8b465ee728b)
Start importing Assets/Lukas/personages/gnomos/texturas gnomos/textura gnomo anciano/lambert1_Base_color.png using Guid(f4efb2eba91f1a645bc29b3b10686374) Importer(815301076,1909f56bfc062723c751e8b465ee728b)  -> (artifact id: '077df180158aa8fb21072dd64aeea9db') in 0.018763 seconds
  Import took 0.026995 seconds .

========================================================================
Received Import Request.
  Time since last request: 0.000265 seconds.
  path: Assets/Lukas/personages/gnomos/texturas gnomos/textura gnomo anciano/lambert1_Roughness.png
  artifactKey: Guid(10810cd8f82c7124bb1e061fe3dbf3f7) Importer(815301076,1909f56bfc062723c751e8b465ee728b)
Start importing Assets/Lukas/personages/gnomos/texturas gnomos/textura gnomo anciano/lambert1_Roughness.png using Guid(10810cd8f82c7124bb1e061fe3dbf3f7) Importer(815301076,1909f56bfc062723c751e8b465ee728b)  -> (artifact id: 'b7fe246b76d33024de367a8996094fff') in 0.016373 seconds
  Import took 0.022582 seconds .

========================================================================
Received Import Request.
  Time since last request: 0.000253 seconds.
  path: Assets/Lukas/personages/gnomos/texturas gnomos/textura gnomo anciano/lambert1_Normal_DirectX.png
  artifactKey: Guid(28d91303674c18b48977f8d40068106a) Importer(815301076,1909f56bfc062723c751e8b465ee728b)
Start importing Assets/Lukas/personages/gnomos/texturas gnomos/textura gnomo anciano/lambert1_Normal_DirectX.png using Guid(28d91303674c18b48977f8d40068106a) Importer(815301076,1909f56bfc062723c751e8b465ee728b)  -> (artifact id: '48e527aeba23f76cbcc84b3a5fcd4c07') in 0.017428 seconds
  Import took 0.023789 seconds .

========================================================================
Received Import Request.
  Time since last request: 0.000244 seconds.
  path: Assets/Lukas/personages/gnomos/texturas gnomos/textura gnomo anciano/lambert1_Mixed_AO.png
  artifactKey: Guid(9fa0383954f32d64d8ca9a7877f57380) Importer(815301076,1909f56bfc062723c751e8b465ee728b)
Start importing Assets/Lukas/personages/gnomos/texturas gnomos/textura gnomo anciano/lambert1_Mixed_AO.png using Guid(9fa0383954f32d64d8ca9a7877f57380) Importer(815301076,1909f56bfc062723c751e8b465ee728b)  -> (artifact id: 'd37ff96b821959239d5055630688e0a6') in 0.020145 seconds
  Import took 0.027634 seconds .

========================================================================
Received Import Request.
  Time since last request: 0.000254 seconds.
  path: Assets/Lukas/personages/gnomos/texturas gnomos/textura gnomo anciano/lambert1_Metallic.png
  artifactKey: Guid(3a6c34ebd13032f4d9452deb25249880) Importer(815301076,1909f56bfc062723c751e8b465ee728b)
Start importing Assets/Lukas/personages/gnomos/texturas gnomos/textura gnomo anciano/lambert1_Metallic.png using Guid(3a6c34ebd13032f4d9452deb25249880) Importer(815301076,1909f56bfc062723c751e8b465ee728b)  -> (artifact id: 'f67b845e0b485276854c48049c1954b0') in 0.020027 seconds
  Import took 0.026154 seconds .

========================================================================
Received Import Request.
  Time since last request: 0.000205 seconds.
  path: Assets/Lukas/personages/gnomos/texturas gnomos/textura gnomo anciano/lambert1_Scattering.png
  artifactKey: Guid(ab07eadd6d381c94d8dc0de4630eacf3) Importer(815301076,1909f56bfc062723c751e8b465ee728b)
Start importing Assets/Lukas/personages/gnomos/texturas gnomos/textura gnomo anciano/lambert1_Scattering.png using Guid(ab07eadd6d381c94d8dc0de4630eacf3) Importer(815301076,1909f56bfc062723c751e8b465ee728b)  -> (artifact id: 'e445f018a5e2bcf9d588e1349bb63e17') in 0.023730 seconds
  Import took 0.029341 seconds .

========================================================================
Received Import Request.
  Time since last request: 0.000222 seconds.
  path: Assets/Lukas/personages/gnomos/texturas gnomos/textura gnomo anciano/lambert1_Normal.png
  artifactKey: Guid(639a2c5765ba4bf48b40d710820b698b) Importer(815301076,1909f56bfc062723c751e8b465ee728b)
Start importing Assets/Lukas/personages/gnomos/texturas gnomos/textura gnomo anciano/lambert1_Normal.png using Guid(639a2c5765ba4bf48b40d710820b698b) Importer(815301076,1909f56bfc062723c751e8b465ee728b)  -> (artifact id: 'ced1a69d247c13f05cb8d4e7cebac40f') in 0.022392 seconds
  Import took 0.028556 seconds .

========================================================================
Received Import Request.
  Time since last request: 0.000262 seconds.
  path: Assets/Lukas/personages/gnomos/texturas gnomos/textura gnomo anciano/lambert1_Emissive.png
  artifactKey: Guid(e8db0c4633e872d42979379069c3db0c) Importer(815301076,1909f56bfc062723c751e8b465ee728b)
Start importing Assets/Lukas/personages/gnomos/texturas gnomos/textura gnomo anciano/lambert1_Emissive.png using Guid(e8db0c4633e872d42979379069c3db0c) Importer(815301076,1909f56bfc062723c751e8b465ee728b)  -> (artifact id: '3c6578c931dd4a6b199a4a6ff8bf1d5a') in 0.024567 seconds
  Import took 0.030903 seconds .

========================================================================
Received Import Request.
  Time since last request: 0.000211 seconds.
  path: Assets/Lukas/personages/gnomos/texturas gnomos/textura gnomo anciano/lambert1_Height.png
  artifactKey: Guid(cde4b224fd7089749be72377e19cafcf) Importer(815301076,1909f56bfc062723c751e8b465ee728b)
Start importing Assets/Lukas/personages/gnomos/texturas gnomos/textura gnomo anciano/lambert1_Height.png using Guid(cde4b224fd7089749be72377e19cafcf) Importer(815301076,1909f56bfc062723c751e8b465ee728b)  -> (artifact id: '00e5734085570ad4a7339f9ecf45966b') in 0.073901 seconds
  Import took 0.079896 seconds .

========================================================================
Received Import Request.
  Time since last request: 5.979035 seconds.
  path: Assets/Lukas/personages/gnomos/texturas gnomos/textura gnomomadre 2/lambert2_Base_color.png
  artifactKey: Guid(d5363556dd79ae046b0672be83ae2a90) Importer(815301076,1909f56bfc062723c751e8b465ee728b)
Start importing Assets/Lukas/personages/gnomos/texturas gnomos/textura gnomomadre 2/lambert2_Base_color.png using Guid(d5363556dd79ae046b0672be83ae2a90) Importer(815301076,1909f56bfc062723c751e8b465ee728b)  -> (artifact id: '5bf31454bb03595ae669949c1362d8cf') in 0.017726 seconds
  Import took 0.025584 seconds .

========================================================================
Received Import Request.
  Time since last request: 0.000283 seconds.
  path: Assets/Lukas/personages/gnomos/texturas gnomos/textura gnomomadre 2/lambert2_Scattering.png
  artifactKey: Guid(1b7178b9eb2c9eb46a93f69bde86e00a) Importer(815301076,1909f56bfc062723c751e8b465ee728b)
Start importing Assets/Lukas/personages/gnomos/texturas gnomos/textura gnomomadre 2/lambert2_Scattering.png using Guid(1b7178b9eb2c9eb46a93f69bde86e00a) Importer(815301076,1909f56bfc062723c751e8b465ee728b)  -> (artifact id: '2dfe2df32dd44950fb0663e954cb5901') in 0.015263 seconds
  Import took 0.021548 seconds .

========================================================================
Received Import Request.
  Time since last request: 0.000250 seconds.
  path: Assets/Lukas/personages/gnomos/texturas gnomos/textura gnomomadre 2/lambert2_Normal.png
  artifactKey: Guid(66c51acdd5a47614db4b980ed1b2c019) Importer(815301076,1909f56bfc062723c751e8b465ee728b)
Start importing Assets/Lukas/personages/gnomos/texturas gnomos/textura gnomomadre 2/lambert2_Normal.png using Guid(66c51acdd5a47614db4b980ed1b2c019) Importer(815301076,1909f56bfc062723c751e8b465ee728b)  -> (artifact id: 'a964005af5bda75889ae305ba7d4bd06') in 0.016366 seconds
  Import took 0.023040 seconds .

========================================================================
Received Import Request.
  Time since last request: 0.000317 seconds.
  path: Assets/Lukas/personages/gnomos/texturas gnomos/textura gnomomadre 2/lambert2_Normal_DirectX.png
  artifactKey: Guid(dab36d263a1908a4f8abd699708f1aad) Importer(815301076,1909f56bfc062723c751e8b465ee728b)
Start importing Assets/Lukas/personages/gnomos/texturas gnomos/textura gnomomadre 2/lambert2_Normal_DirectX.png using Guid(dab36d263a1908a4f8abd699708f1aad) Importer(815301076,1909f56bfc062723c751e8b465ee728b)  -> (artifact id: '5b5eb7ff7aadc81aaa734c830ea0d0f8') in 0.095366 seconds
  Import took 0.101798 seconds .

========================================================================
Received Import Request.
  Time since last request: 0.000223 seconds.
  path: Assets/Lukas/personages/gnomos/texturas gnomos/textura gnomomadre 2/lambert2_Mixed_AO.png
  artifactKey: Guid(dece2502cb79db0428cf011d45668bab) Importer(815301076,1909f56bfc062723c751e8b465ee728b)
Start importing Assets/Lukas/personages/gnomos/texturas gnomos/textura gnomomadre 2/lambert2_Mixed_AO.png using Guid(dece2502cb79db0428cf011d45668bab) Importer(815301076,1909f56bfc062723c751e8b465ee728b)  -> (artifact id: '9fbe335d36f29e693e3ae5353d0df27d') in 0.017598 seconds
  Import took 0.023588 seconds .

========================================================================
Received Import Request.
  Time since last request: 0.000316 seconds.
  path: Assets/Lukas/personages/gnomos/texturas gnomos/textura gnomomadre 2/lambert2_Emissive.png
  artifactKey: Guid(3a83f09b2cb1183499445a37a4cdf33d) Importer(815301076,1909f56bfc062723c751e8b465ee728b)
Start importing Assets/Lukas/personages/gnomos/texturas gnomos/textura gnomomadre 2/lambert2_Emissive.png using Guid(3a83f09b2cb1183499445a37a4cdf33d) Importer(815301076,1909f56bfc062723c751e8b465ee728b)  -> (artifact id: '2c9402708bea06ef385be071c7591ad1') in 0.025986 seconds
  Import took 0.032653 seconds .

========================================================================
Received Import Request.
  Time since last request: 0.000271 seconds.
  path: Assets/Lukas/personages/gnomos/texturas gnomos/textura gnomomadre 2/lambert2_Roughness.png
  artifactKey: Guid(d1c295ac329bcd74a908038bfbca0532) Importer(815301076,1909f56bfc062723c751e8b465ee728b)
Start importing Assets/Lukas/personages/gnomos/texturas gnomos/textura gnomomadre 2/lambert2_Roughness.png using Guid(d1c295ac329bcd74a908038bfbca0532) Importer(815301076,1909f56bfc062723c751e8b465ee728b)  -> (artifact id: '1a24eb0214f754641651e6b6ad00d123') in 0.018687 seconds
  Import took 0.025490 seconds .

========================================================================
Received Import Request.
  Time since last request: 0.000236 seconds.
  path: Assets/Lukas/personages/gnomos/texturas gnomos/textura gnomomadre 2/lambert2_Emissive.png
  artifactKey: Guid(3a83f09b2cb1183499445a37a4cdf33d) Importer(815301076,1909f56bfc062723c751e8b465ee728b)
Start importing Assets/Lukas/personages/gnomos/texturas gnomos/textura gnomomadre 2/lambert2_Emissive.png using Guid(3a83f09b2cb1183499445a37a4cdf33d) Importer(815301076,1909f56bfc062723c751e8b465ee728b)  -> (artifact id: '2c9402708bea06ef385be071c7591ad1') in 0.012503 seconds
  Import took 0.018383 seconds .

========================================================================
Received Import Request.
  Time since last request: 0.000233 seconds.
  path: Assets/Lukas/personages/gnomos/texturas gnomos/textura gnomomadre 2/lambert2_Height.png
  artifactKey: Guid(00f8ced9c9d59e74886d4b922b395be3) Importer(815301076,1909f56bfc062723c751e8b465ee728b)
Start importing Assets/Lukas/personages/gnomos/texturas gnomos/textura gnomomadre 2/lambert2_Height.png using Guid(00f8ced9c9d59e74886d4b922b395be3) Importer(815301076,1909f56bfc062723c751e8b465ee728b)  -> (artifact id: '6ce5509cc6b5faff9a52876d6deac602') in 0.016542 seconds
  Import took 0.023461 seconds .

========================================================================
Received Import Request.
  Time since last request: 0.000280 seconds.
  path: Assets/Lukas/personages/gnomos/texturas gnomos/textura gnomomadre 2/lambert2_Metallic.png
  artifactKey: Guid(a81f69326476a8a4f9a2a29efb648c20) Importer(815301076,1909f56bfc062723c751e8b465ee728b)
Start importing Assets/Lukas/personages/gnomos/texturas gnomos/textura gnomomadre 2/lambert2_Metallic.png using Guid(a81f69326476a8a4f9a2a29efb648c20) Importer(815301076,1909f56bfc062723c751e8b465ee728b)  -> (artifact id: '36658c34650f614cbffc76fb73318e11') in 0.021696 seconds
  Import took 0.028922 seconds .

========================================================================
Received Import Request.
  Time since last request: 0.984896 seconds.
  path: Assets/Lukas/personages/gnomos/texturas gnomos/texturas gnomo-madre/lambert2_Base_color.png
  artifactKey: Guid(970ff4c6a5d1ccc4ca425e7d334d8618) Importer(815301076,1909f56bfc062723c751e8b465ee728b)
Start importing Assets/Lukas/personages/gnomos/texturas gnomos/texturas gnomo-madre/lambert2_Base_color.png using Guid(970ff4c6a5d1ccc4ca425e7d334d8618) Importer(815301076,1909f56bfc062723c751e8b465ee728b)  -> (artifact id: '9f8db457dc85f9fae65077d55adac603') in 0.013000 seconds
  Import took 0.019686 seconds .

========================================================================
Received Import Request.
  Time since last request: 0.000256 seconds.
  path: Assets/Lukas/personages/gnomos/texturas gnomos/texturas gnomo-madre/lambert2_Normal.png
  artifactKey: Guid(26c5b58a6b7d81c4c872e42c081bf781) Importer(815301076,1909f56bfc062723c751e8b465ee728b)
Start importing Assets/Lukas/personages/gnomos/texturas gnomos/texturas gnomo-madre/lambert2_Normal.png using Guid(26c5b58a6b7d81c4c872e42c081bf781) Importer(815301076,1909f56bfc062723c751e8b465ee728b)  -> (artifact id: 'af01f90b94f53a740bced3db6a44eaf1') in 0.010524 seconds
  Import took 0.016255 seconds .

========================================================================
Received Import Request.
  Time since last request: 0.000224 seconds.
  path: Assets/Lukas/personages/gnomos/texturas gnomos/texturas gnomo-madre/lambert2_Base_color.png
  artifactKey: Guid(970ff4c6a5d1ccc4ca425e7d334d8618) Importer(815301076,1909f56bfc062723c751e8b465ee728b)
Start importing Assets/Lukas/personages/gnomos/texturas gnomos/texturas gnomo-madre/lambert2_Base_color.png using Guid(970ff4c6a5d1ccc4ca425e7d334d8618) Importer(815301076,1909f56bfc062723c751e8b465ee728b)  -> (artifact id: '9f8db457dc85f9fae65077d55adac603') in 0.013063 seconds
  Import took 0.019360 seconds .

========================================================================
Received Import Request.
  Time since last request: 0.000274 seconds.
  path: Assets/Lukas/personages/gnomos/texturas gnomos/texturas gnomo-madre/lambert2_Normal_DirectX.png
  artifactKey: Guid(f489d5b2ba8c8ed4cabd23105b677262) Importer(815301076,1909f56bfc062723c751e8b465ee728b)
Start importing Assets/Lukas/personages/gnomos/texturas gnomos/texturas gnomo-madre/lambert2_Normal_DirectX.png using Guid(f489d5b2ba8c8ed4cabd23105b677262) Importer(815301076,1909f56bfc062723c751e8b465ee728b)  -> (artifact id: '7cf3a1ba22505cc25293453826df4b38') in 0.021684 seconds
  Import took 0.027944 seconds .

========================================================================
Received Import Request.
  Time since last request: 0.000254 seconds.
  path: Assets/Lukas/personages/gnomos/texturas gnomos/texturas gnomo-madre/lambert2_Roughness.png
  artifactKey: Guid(b2946087655d79f479781ede0981e3f6) Importer(815301076,1909f56bfc062723c751e8b465ee728b)
Start importing Assets/Lukas/personages/gnomos/texturas gnomos/texturas gnomo-madre/lambert2_Roughness.png using Guid(b2946087655d79f479781ede0981e3f6) Importer(815301076,1909f56bfc062723c751e8b465ee728b)  -> (artifact id: '1b843d21d4f089ed67b6cc155fe952d2') in 0.025022 seconds
  Import took 0.033236 seconds .

========================================================================
Received Import Request.
  Time since last request: 0.000249 seconds.
  path: Assets/Lukas/personages/gnomos/texturas gnomos/texturas gnomo-madre/lambert2_Emissive.png
  artifactKey: Guid(6abdba536f91c3c47afb0a47f432c089) Importer(815301076,1909f56bfc062723c751e8b465ee728b)
Start importing Assets/Lukas/personages/gnomos/texturas gnomos/texturas gnomo-madre/lambert2_Emissive.png using Guid(6abdba536f91c3c47afb0a47f432c089) Importer(815301076,1909f56bfc062723c751e8b465ee728b)  -> (artifact id: '51db2c54b3b1d873fa609fc6bbd52b4e') in 0.018918 seconds
  Import took 0.025324 seconds .

========================================================================
Received Import Request.
  Time since last request: 0.000267 seconds.
  path: Assets/Lukas/personages/gnomos/texturas gnomos/texturas gnomo-madre/lambert2_Metallic.png
  artifactKey: Guid(b8971bcfffe07db4b8727eb189485f8a) Importer(815301076,1909f56bfc062723c751e8b465ee728b)
Start importing Assets/Lukas/personages/gnomos/texturas gnomos/texturas gnomo-madre/lambert2_Metallic.png using Guid(b8971bcfffe07db4b8727eb189485f8a) Importer(815301076,1909f56bfc062723c751e8b465ee728b)  -> (artifact id: '6f586239b7f2e9eb94c987fce7400c64') in 0.020614 seconds
  Import took 0.027438 seconds .

========================================================================
Received Import Request.
  Time since last request: 0.000268 seconds.
  path: Assets/Lukas/personages/gnomos/texturas gnomos/texturas gnomo-madre/lambert2_Height.png
  artifactKey: Guid(ed966914d4f468e4fb7d92ba0a475159) Importer(815301076,1909f56bfc062723c751e8b465ee728b)
Start importing Assets/Lukas/personages/gnomos/texturas gnomos/texturas gnomo-madre/lambert2_Height.png using Guid(ed966914d4f468e4fb7d92ba0a475159) Importer(815301076,1909f56bfc062723c751e8b465ee728b)  -> (artifact id: 'b0a2a4c920995c1e393132aa2226fe4f') in 0.020279 seconds
  Import took 0.026677 seconds .

========================================================================
Received Import Request.
  Time since last request: 0.000246 seconds.
  path: Assets/Lukas/personages/gnomos/texturas gnomos/texturas gnomo-madre/lambert2_Scattering.png
  artifactKey: Guid(6e5dce926e174ec44897a500fefe5274) Importer(815301076,1909f56bfc062723c751e8b465ee728b)
Start importing Assets/Lukas/personages/gnomos/texturas gnomos/texturas gnomo-madre/lambert2_Scattering.png using Guid(6e5dce926e174ec44897a500fefe5274) Importer(815301076,1909f56bfc062723c751e8b465ee728b)  -> (artifact id: 'ba26331d4b80aac05850c0505184af16') in 0.020221 seconds
  Import took 0.026330 seconds .

========================================================================
Received Import Request.
  Time since last request: 0.000261 seconds.
  path: Assets/Lukas/personages/gnomos/texturas gnomos/texturas gnomo-madre/lambert2_Mixed_AO.png
  artifactKey: Guid(b2e2483af29d4f144add80fa39210328) Importer(815301076,1909f56bfc062723c751e8b465ee728b)
Start importing Assets/Lukas/personages/gnomos/texturas gnomos/texturas gnomo-madre/lambert2_Mixed_AO.png using Guid(b2e2483af29d4f144add80fa39210328) Importer(815301076,1909f56bfc062723c751e8b465ee728b)  -> (artifact id: 'dafb49b1aa18c618f60c7a66a11353b1') in 0.020564 seconds
  Import took 0.026820 seconds .

========================================================================
Received Import Request.
  Time since last request: 0.248733 seconds.
  path: Assets/Lukas/personages/gnomos/texturas gnomos/textura_gnomo pequeño/lambert1_Base_color.png
  artifactKey: Guid(e20686c3dc1f3b24c92e1d2fe3b2f748) Importer(815301076,1909f56bfc062723c751e8b465ee728b)
Start importing Assets/Lukas/personages/gnomos/texturas gnomos/textura_gnomo pequeño/lambert1_Base_color.png using Guid(e20686c3dc1f3b24c92e1d2fe3b2f748) Importer(815301076,1909f56bfc062723c751e8b465ee728b)  -> (artifact id: '56682b07f643a62aed76817eb2aa2645') in 0.012427 seconds
  Import took 0.018494 seconds .

========================================================================
Received Import Request.
  Time since last request: 0.000231 seconds.
  path: Assets/Lukas/personages/gnomos/texturas gnomos/textura_gnomo pequeño/lambert1_Mixed_AO.png
  artifactKey: Guid(996248e9c3f17034cbe0504fc78277fe) Importer(815301076,1909f56bfc062723c751e8b465ee728b)
Start importing Assets/Lukas/personages/gnomos/texturas gnomos/textura_gnomo pequeño/lambert1_Mixed_AO.png using Guid(996248e9c3f17034cbe0504fc78277fe) Importer(815301076,1909f56bfc062723c751e8b465ee728b)  -> (artifact id: '6bfe604d86113abc7fd998ceac9da688') in 0.012839 seconds
  Import took 0.018622 seconds .

========================================================================
Received Import Request.
  Time since last request: 0.000275 seconds.
  path: Assets/Lukas/personages/gnomos/texturas gnomos/textura_gnomo pequeño/lambert1_Scattering.png
  artifactKey: Guid(80df6f4201c14e54a944f0d124a83c29) Importer(815301076,1909f56bfc062723c751e8b465ee728b)
Start importing Assets/Lukas/personages/gnomos/texturas gnomos/textura_gnomo pequeño/lambert1_Scattering.png using Guid(80df6f4201c14e54a944f0d124a83c29) Importer(815301076,1909f56bfc062723c751e8b465ee728b)  -> (artifact id: '10b30a372be3264a545d2c4ca20955ee') in 0.011539 seconds
  Import took 0.017642 seconds .

========================================================================
Received Import Request.
  Time since last request: 0.000242 seconds.
  path: Assets/Lukas/personages/gnomos/texturas gnomos/textura_gnomo pequeño/lambert1_Roughness.png
  artifactKey: Guid(1d94c32be6093e14e8e17580f8d01612) Importer(815301076,1909f56bfc062723c751e8b465ee728b)
Start importing Assets/Lukas/personages/gnomos/texturas gnomos/textura_gnomo pequeño/lambert1_Roughness.png using Guid(1d94c32be6093e14e8e17580f8d01612) Importer(815301076,1909f56bfc062723c751e8b465ee728b)  -> (artifact id: 'a5c23ab9d04417e37746600c81efbf20') in 0.012376 seconds
  Import took 0.018368 seconds .

========================================================================
Received Import Request.
  Time since last request: 0.000249 seconds.
  path: Assets/Lukas/personages/gnomos/texturas gnomos/textura_gnomo pequeño/lambert1_Height.png
  artifactKey: Guid(c2fd99e72813c45498b64aa4ff7ae183) Importer(815301076,1909f56bfc062723c751e8b465ee728b)
Start importing Assets/Lukas/personages/gnomos/texturas gnomos/textura_gnomo pequeño/lambert1_Height.png using Guid(c2fd99e72813c45498b64aa4ff7ae183) Importer(815301076,1909f56bfc062723c751e8b465ee728b)  -> (artifact id: 'b2c4ac55529f1395fb53c6260251ba25') in 0.021775 seconds
  Import took 0.028172 seconds .

========================================================================
Received Import Request.
  Time since last request: 0.000258 seconds.
  path: Assets/Lukas/personages/gnomos/texturas gnomos/textura_gnomo pequeño/lambert1_Normal.png
  artifactKey: Guid(34ea7aa1f6d616941a273f44d8400716) Importer(815301076,1909f56bfc062723c751e8b465ee728b)
Start importing Assets/Lukas/personages/gnomos/texturas gnomos/textura_gnomo pequeño/lambert1_Normal.png using Guid(34ea7aa1f6d616941a273f44d8400716) Importer(815301076,1909f56bfc062723c751e8b465ee728b)  -> (artifact id: '53518ffee595599fadbaa394469a2b01') in 0.019474 seconds
  Import took 0.025869 seconds .

========================================================================
Received Import Request.
  Time since last request: 0.000249 seconds.
  path: Assets/Lukas/personages/gnomos/texturas gnomos/textura_gnomo pequeño/lambert1_Metallic.png
  artifactKey: Guid(60f8b873d4d95b0458b0647d13d11ace) Importer(815301076,1909f56bfc062723c751e8b465ee728b)
Start importing Assets/Lukas/personages/gnomos/texturas gnomos/textura_gnomo pequeño/lambert1_Metallic.png using Guid(60f8b873d4d95b0458b0647d13d11ace) Importer(815301076,1909f56bfc062723c751e8b465ee728b)  -> (artifact id: 'f9d86d87b63d9ed555046b1827206961') in 0.023284 seconds
  Import took 0.029834 seconds .

========================================================================
Received Import Request.
  Time since last request: 0.000266 seconds.
  path: Assets/Lukas/personages/gnomos/texturas gnomos/textura_gnomo pequeño/lambert1_Normal_DirectX.png
  artifactKey: Guid(8171b1bcfe461c7459d5bf419015479c) Importer(815301076,1909f56bfc062723c751e8b465ee728b)
Start importing Assets/Lukas/personages/gnomos/texturas gnomos/textura_gnomo pequeño/lambert1_Normal_DirectX.png using Guid(8171b1bcfe461c7459d5bf419015479c) Importer(815301076,1909f56bfc062723c751e8b465ee728b)  -> (artifact id: '9ee06cea6462cec842991084cc697aa8') in 0.022372 seconds
  Import took 0.028895 seconds .

========================================================================
Received Import Request.
  Time since last request: 4.495363 seconds.
  path: Assets/Lukas/personages/gnomos/texturas gnomos/texturas gnomo-madre
  artifactKey: Guid(7125dc4ff77648043a4b9c8bd4eb7e05) Importer(815301076,1909f56bfc062723c751e8b465ee728b)
Start importing Assets/Lukas/personages/gnomos/texturas gnomos/texturas gnomo-madre using Guid(7125dc4ff77648043a4b9c8bd4eb7e05) Importer(815301076,1909f56bfc062723c751e8b465ee728b)  -> (artifact id: 'af239b962e6ad4f77d4ff56b7263ccc4') in 0.008488 seconds
  Import took 0.017550 seconds .

========================================================================
Received Import Request.
  Time since last request: 4.510650 seconds.
  path: Assets/Lukas/personages/gnomos/texturas gnomos/texturas gnomo-madre/New Material.mat
  artifactKey: Guid(56ab5bcb5e3f76b4680e9431d4ca2e02) Importer(815301076,1909f56bfc062723c751e8b465ee728b)
Start importing Assets/Lukas/personages/gnomos/texturas gnomos/texturas gnomo-madre/New Material.mat using Guid(56ab5bcb5e3f76b4680e9431d4ca2e02) Importer(815301076,1909f56bfc062723c751e8b465ee728b)  -> (artifact id: 'a4ab9a768950b81ef912c59856d7dd22') in 0.011982 seconds
  Import took 0.018333 seconds .

========================================================================
Received Import Request.
  Time since last request: 94.822802 seconds.
  path: Assets/Lukas/personages/gnomos/texturas gnomos/textura gnomomadre 2
  artifactKey: Guid(881d71fa0e5fefc4b84a84b8dbcb9dac) Importer(815301076,1909f56bfc062723c751e8b465ee728b)
Start importing Assets/Lukas/personages/gnomos/texturas gnomos/textura gnomomadre 2 using Guid(881d71fa0e5fefc4b84a84b8dbcb9dac) Importer(815301076,1909f56bfc062723c751e8b465ee728b)  -> (artifact id: '81ad5b5d662e2566e99f44ab7d2a7aa0') in 0.008287 seconds
  Import took 0.016731 seconds .

========================================================================
Received Import Request.
  Time since last request: 26.245883 seconds.
  path: Assets/Lukas/personages/gnomos/texturas gnomos/textura gnomomadre 2/New Material.mat
  artifactKey: Guid(f999e0d3d43081d40be249c7a3382edb) Importer(815301076,1909f56bfc062723c751e8b465ee728b)
Start importing Assets/Lukas/personages/gnomos/texturas gnomos/textura gnomomadre 2/New Material.mat using Guid(f999e0d3d43081d40be249c7a3382edb) Importer(815301076,1909f56bfc062723c751e8b465ee728b)  -> (artifact id: '6c739bfbc1ddf4fa43ca1e28c53f8985') in 0.011480 seconds
  Import took 0.018402 seconds .

========================================================================
Received Import Request.
  Time since last request: 115.664663 seconds.
  path: Assets/Lukas/personages/gnomos/texturas gnomos/texturas gnomo-madre/New Material.mat
  artifactKey: Guid(56ab5bcb5e3f76b4680e9431d4ca2e02) Importer(815301076,1909f56bfc062723c751e8b465ee728b)
Start importing Assets/Lukas/personages/gnomos/texturas gnomos/texturas gnomo-madre/New Material.mat using Guid(56ab5bcb5e3f76b4680e9431d4ca2e02) Importer(815301076,1909f56bfc062723c751e8b465ee728b)  -> (artifact id: '5d413354047444988915e1066aeaed4f') in 0.045764 seconds
  Import took 0.053022 seconds .

========================================================================
Received Import Request.
  Time since last request: 47.573022 seconds.
  path: Assets/Lukas/personages/gnomos/texturas gnomos/textura_gnomo pequeño
  artifactKey: Guid(99a1c56d189ed2b479b8c2e6c3720a40) Importer(815301076,1909f56bfc062723c751e8b465ee728b)
Start importing Assets/Lukas/personages/gnomos/texturas gnomos/textura_gnomo pequeño using Guid(99a1c56d189ed2b479b8c2e6c3720a40) Importer(815301076,1909f56bfc062723c751e8b465ee728b)  -> (artifact id: 'e9dfc1e4dce684b8179ca78c36da2e62') in 0.010198 seconds
  Import took 0.018344 seconds .

========================================================================
Received Import Request.
  Time since last request: 4.342544 seconds.
  path: Assets/Lukas/personages/gnomos/texturas gnomos/textura_gnomo pequeño/New Material.mat
  artifactKey: Guid(efe6acf808e4c3746adb79f32128063a) Importer(815301076,1909f56bfc062723c751e8b465ee728b)
Start importing Assets/Lukas/personages/gnomos/texturas gnomos/textura_gnomo pequeño/New Material.mat using Guid(efe6acf808e4c3746adb79f32128063a) Importer(815301076,1909f56bfc062723c751e8b465ee728b)  -> (artifact id: '444a901a21d765432d210d3d95be019c') in 0.010667 seconds
  Import took 0.016802 seconds .

========================================================================
Received Import Request.
  Time since last request: 33.156644 seconds.
  path: Assets/Lukas/personages/gnomos/texturas gnomos/textura gnomomadre 2/New Material.mat
  artifactKey: Guid(f999e0d3d43081d40be249c7a3382edb) Importer(815301076,1909f56bfc062723c751e8b465ee728b)
Start importing Assets/Lukas/personages/gnomos/texturas gnomos/textura gnomomadre 2/New Material.mat using Guid(f999e0d3d43081d40be249c7a3382edb) Importer(815301076,1909f56bfc062723c751e8b465ee728b)  -> (artifact id: '5e014d688edffda7ebfa493d0afe62e1') in 0.022120 seconds
  Import took 0.029726 seconds .

========================================================================
Received Import Request.
  Time since last request: 421.541839 seconds.
  path: Assets/Lukas/personages/gnomos/texturas gnomos/textura_gnomo pequeño/New Material.mat
  artifactKey: Guid(efe6acf808e4c3746adb79f32128063a) Importer(815301076,1909f56bfc062723c751e8b465ee728b)
Start importing Assets/Lukas/personages/gnomos/texturas gnomos/textura_gnomo pequeño/New Material.mat using Guid(efe6acf808e4c3746adb79f32128063a) Importer(815301076,1909f56bfc062723c751e8b465ee728b)  -> (artifact id: '77d04525fbb9c5e12e9641df6851c25b') in 0.044739 seconds
  Import took 0.051639 seconds .

AssetImportWorkerClient::OnTransportError - code=2 error=End of file
